ג ' א פ ק א	d j a k p a
ק .	c .
ז ' ו	z h u
ע ב ع ד	a b u d
ל ו ב ו מ י ר	ľ u b o m i r
ג א י ד ו ס י ק	g a j d ů s e k
ב ו ר כ י ס	b o r g e s
ז ' ב א נ י א	z h v a n i a
ג ו ל ' י א ן	j u l i e n
ק ו צ ' א ק	k u s z c z a k
ס י ר ז '	s e r z h
ב י ו ט י ט ש	v u j i c i c
ח ' י ג א ב	h i j a b
ז ו י ר י ב	x u e r e b
צ ' ט ר י	c h h e t r i
ז ' י	z h i
ס ט ו י צ ' ק ו ב	s t o i c h k o v
ע פ ר ה	o f r a
ר י ו צ '	r i o c h
ג ' ט י ן	c e t i n
ד ו ר י ט ש	đ u r i c
ז ו ק ו ר ו	x u c u r u
צ ' א ק	c h u c k
ג ו ס ל י ן	j o c e l y n
ר ' ג ו ב	r a j o u b
ה ا י ר ו ב ס ק י	h e y r o v s k y
ק ר י ש צ ' א נ ס ן	c h r i s t i a n s e n
ד ו ר ד י ב י ט ש	đ o r đ e v i c
מ י כ י ל	m i c h e ľ
ל ו ב ו ס	ľ u b o s
ג ' מ א ל	c e m a l
ג ו נ י ט ש י ר ו	j u n i c h i r o
ס י נ ק י ב י ט ש	s i e n k i e w i c z
