ব ে ল ভ ি উ	b e l l e v u e
অ ল ু ই স	a l w i s
ও শ ে ন	o c e a n
দ ক ্ ষ ি ন	s o u t h
জ ি র া ট ে ক ্ স	x y r a t e x
ব ন ্ ট ে ব ু ক	b o n t e b o k
ও ঁ ক া র ে শ ্ ব র	o m k a r e s h w a r
ক ু ম ্ ব া ল ো ম	c y m b a l o m
ও খ া র ্ ড	w o c k h a r d t
ম জ ফ ্ ফ র	m a j p h p h a r
এ য় া র ্ ড	a w a r d s
য ে স ে র স	z e s e r s
ম ি ঞ া	m i y a
গ ু ই ন ে ত ্ ত া স	g w i n e t t s
ব া ল ্ ব া ও	b a l b o a
ম া র ব ে ল	m a r b l e
ছ ু ট ু র া ম	c h h a t u r a m
ন ে দ া র ল ্ য া ন ্ ড	n e t h e r l a n d s
স ু ই ফ ট স ি য় ো র	s w i f t s u r e
অ চ র ্ ন া	a r c h a n a
উ ই র ো প ি য় া ম	e u r o p i u m
ম ্ য া ক ু ই র ি	m a c q u a r i e
ড ে ল র া ম	d e l r a n
স া হ া ব া ত	s h a h a d a t
ন ি উ ক ্ য া স ্ ট ে ল	n e w c a s t l e
আ ল া ঊ দ ্ দ ি ন	a l a z u d d i n
ম ৈ ন দ ্ দ ি ন	m o i u d d i n
য ু গ র া জ	y o g r a j
ও য় ে ট	w r i g h t
র ি চ া র ্ ড	r i c h a r d s
ই য় ঙ ্ ক	y a n g
ব ি জ য চ ন ্ দ ্ র	b i j o y g o p a l
স া র ক ে ল	c i r c l e
উ ই ল ি য় া ম	w i l l i a m s
র া ই ট া র ্ স	w r i t e r s
ক ো র া ন	q u r a n
অ ্ য া ড ি স ন	a d d i s o n
ভ া ল দ ে হ	v a l d e z
ম ্ য া ক ে ত ে ন	m a c e w e n
স ু ই ন ব া র ্ ন	s w i n b u r n e
গ ো ড় ে	g o d e
খ স র ু	k h u s r o
ই স ্ ক ু ল	s c h o o l
ন ং	n o
অ ্ য া ং ল ো	a n g l o
ব ্ য া ব স া য় ি ক	b u s i n e s s
ভ া গ ন ু	b h a n g u
দ া ল ভ ি	d a l w i
স ্ প ি স ্ ট ি স	s p e t s e s
স ু ই ট জ া র ল ্ য া ন ্ ড	s w i t z e r l a n d
স া ফ া র ি ও র	s a h a r i a r
ট ে ম ্ প ে ল হ ো প	t e m p e l h o f
ন ি হ া র	n i r a r
ভ া র ত ি য়	i n d i a n a
স ু ই ড ে ন	s w e d e n
ল া ক হ ্ র ু স ্ ট	l u c k h u r s t
শ া ন ্ ত ি	p e a c e
ঋ ত ্ ব ি ক	h r i t w i k
ত ু ম ু ক ু ম া ক ি উ	t u m u c u m a q u e
আ র ্ ঝ া র য ো গ	e r z h e r z o g
প ্ র া ই জ	p r i z e
দ ্ ব ি ত ী য়	i i
ম ু ঙ ্ গ ি য় া	m o n g i a
র া জ ্ য	s t a t e
জ ে ন া র ে ল	g é n é r a l e
ব ি ম ল া ক া ন ্ ত	b i m l a k a n t i
ব ৈ দ ি ক	v e d i c
দ া র ু প প ্ প া ন া ধ ি	k a r u p p p a n a d h i
ব া ঔ র ি	b a o r i
র ি ড া উ ট	r e d o u b t
জ ো ং গ ো	x o n g o
ম ি ল ম ু ভ	m i l l m o w
জ ি ঙ ্ গ ু	x i n g u
জ ে ল	x e l
ট ো ফ ি	t u f f e y
ন া ই ট	k n i g h t
উ জ ্ ব ল া	u j j a l a
গ ্ য া ম ্ ব ে ল	g a m b l e
ব ্ য া ঙ ্ ক	b
ফ ্ র া ঙ ্ ক ো য় া	f r a n c o i s
আ উ ট	o u t
ড া য় া ন ে ম ি ক	d y n a m i c s
জ া ফ ি র	z a f a r
ট ু ই স ্ ট	t w i s t
এ ড ও য় া র ্ ড	e d w a r d s
ম হ ি শ ূ র	m y s o r e
আ প	u p
প র া ন জ ি প	p a r a n j p e
আ ই ল ্ য া ন ্ ড	i s l a n d s
আ ব ু স ৈ য় দ	a b u s a e i d
ম স র ু র	m a s r u b
ভ ু র ড ো র ্ প দ ি জ ক	v o o r d o r p s d i j k
আ ত া ব দ ্ দ ি ন	a t a b u d d i n
ক ্ ল ে স ্ ট প	c l a t s o p
ন া হ া ন ু র	n a h a r u n
ক ো ত ু ব উ দ ্ দ ি ন	q u t b u d d i n
ড া চ ে স	d e u t s c h e
ফ ি জ ে ল প ্ ল া স	p i x e l p l u s
ল ে ল ি ল গ ্ র া ড	l e n i n g r a d
আ স ্ ট ে ল	a s t l e
ফ ্ র য় ে ড	f r e u d
ম ু ভ ি ং	m o v i n g
ব া প ্ ট ি স ্ ট	b i b l e
র ফ ি ক ু র	r a f i k u l
আ ন ্ ড া র উ ড	u n d e r w o o d
ভ ে ন ি য ে ল ো স	v e n i z e l o s
গ ু ই প ু র া	g a i p u r a
ন ভ জ ি ত	n a v j o t
চ ি ন ্ ত া ল া প ু ড় ি	c h i n t a l a p u d i
ন ূ র স া ত	n u s r a t
প দ ্ ম ম ন ি	m a d m a m a n i
ট ে য ু ক া	t e z u k a
ও য় া	w a u g h
চ ি ত হ ্ র	c h i t a h r a
হ া য় া র	h i g h e r
ধ র ্ ম া ব ত ী	d a r m a b a t i
ম ্ য া থ ু ও স	m a t t h e w s
ঝ া ণ ্ ড ু	z a n d u
গ ো য় ে ত জ	g o e t z e
আ ল ম ো ড় া	a l m o d a
ব ে য় ি স ্ ক জ ্ য া ড ি	b i e s z c z a d y
ফ জ র ু ল র হ ম া ন	f a j r u l u d d i n
প ঞ ্ চ ম	v
ক ু ত ব দ ্ দ ি ন	k u t a b u d d i n
প ু ল ি শ	p o l i c e
স া র ্ দ া ন	s o t h e r n
ও র া ক ে ল	o r a c l e
ই উ জ ে গ ু ন া ও য় া র ্ ড ে	w i j e g u n a w a r d e n e
ব ি জ ো য র	b i j o o r
শ চ ী ন ক ু ম া র	s h a c h i d a n a n d a
আ ব ু ল খ ে র	a b o l k h e i r
ফ ্ র ্ য া ন ্ স ি য় া র ো	f i n a n c i e r o
ম ন ি ম ু ক ্ ত া	m a n i m u t h a r
গ ো ল া প চ া ঁ দ	g o p a l c h a n d
ঐ ন ্ দ ্ র ি ল া	a i n d r a l a
দ ু র ্ গ া দ ে ব ী	d u r g a b i b i
স ু ই ং	s w i n g
ট ে ল ি ক ম	t é l é c o m
ম ্ য া থ ু	m a t t h e w
ম ি ল ে ও র	m i l l e r
ল ু ধ ি া য় া ন ই	l u d h i a n w i
চ ঞ ্ জ ল া	c h a n c h a l a
ক ল ম ্ ব ি য় া	c o l u m b i a
ক ো ন া র ্ গ	c o n a g r a
ব ৈ শ ্ য	v y s y a
হ ো ল স ে ল ি	w o l s e l e y
ই উ য় ে ঙ ্ ক া র া	w u a n k a r a
ট ু ড ু	t u d d
এ ভ ি ন ি উ	a v e n u e
দ ে ব া ঞ ্ জ ন	b e b a n j a n
ম ে স ে র আ ল ি	m e s e d a l i
স া র ্ দ া ন	s o u t h e r n
অ ্ য া শ ক ্ র ফ ট	a s h c r o f t
স ি ত া ন	s i w a n
হ ৃ ষ ি ক ে শ	r i s h i k e s h
ট ে ল ি ফ ো ন ি ক	t e l e f ó n i c a
ক ্ য া স ্ ট ে ল	c a s t l e
উ ই ত ্ র ে ম ব া র ্ গ	w u r t t e m b u r g
আ য় র	i r o
ফ ি ল ি ফ স	p h i l i p s
ই স ম া ত া র া ব ি ব ি	a s m a t a r a b i b i
স	s h a w
আ ঙ ্ গ ল ে	a n g e l
ব স ্ ক ি উ	b o s q u e
এ র ভ ি ন	i r v i n e
এ ও য় া র ্ ড	a w a r d s
ল া ক ড় ে	l a k d e
খ ো ড় ে	k o r d e
স া ই ক ি য় া ট ্ র ি	p s y c h i a t r y
হ ো ল ্ ড ি ং স	h o l d i n g
অ ল ম া ন জ ি	a l m a n i j
শ ্ য ু	s h o e s
ম ি উ জ ি আ ম	m u s e u m
ম ে ট ি ন ে র ি য় া ম	m e i t n e r i u m
আ ই ক ও া	a i k y a
শ ্ র ী র ূ প া	s h r i r u m a
ব ৌ দ ্ ধ গ য় া	b o d h g a y a
শ ি ল ্ ড	s h i e l d s
স ূ র ্ য় ম ন ি	s u r j a m o n i
ল ক ্ ষ ্ ণ ৌ	l u c k n o w
স ্ ব দ ে শ ী	s w a d e s h
আ র ্ ণ হ া স ্ ট	a m h e r s t
ব ে ট ো ফ ে ন	b e e t h o v e n
ট ু গ া র	t u g a l
অ ্ য া ভ	a v e
আ উ ল	o w l
প ি ক ্ স	p e i x e
স ে স ্ ট ে ল ও র থ	s h u t t l e w o r t h
উ ম া ক া ন ্ ত	u m a k a n t i
চ ম ্ ব া ত ট	c h a m p a w a t
ফ া র ু ক উ দ ্ দ ি ন	f a a k h r u d d i n
ক ু শ চ ন ্ দ ্ র	k u s h c h a d r a
আ ল ব ি ন	a l b i e
র ্ ঝ ণ া	j h a r n a
প ে ট ্ র ো ব ্ র া স	p e t r o b r á s
ই ন ্ দ ি র া প ু ল া ম	i n d i r a p u r a m
এ গ র ি ক ্ য া ল চ া র	a g r i c u l t u r a l
জ া হ ্ ন ে ক া র	j a a n h v e k a r
আ দ ি ৎ প া র া	a d i t p a r a
স ে র ি ম ি স	c e r a m i c s
ছ ত ্ র ি শ গ ড়	c h i t t o r g a r h
স া ই ক ে ল	c y c l e
র ি ন ্ ড ল ে	r i n d e l
ধ র ্ ম ে ন ্ দ র	d a r m e n d a r
ল ে ই উ স	l e w i s
ম ী ন া ব া ল া	m i l a b a l a
উ প ্ ত ল	u t p a l
স া স ্ থ ্ য	h e a l t h
র ু ফ ি	r u p i a h
প ূ র ্ ব	e a s t
দ া র ক ো ত ী	d a r q a w i
ড া র ম ু ট	d e r m o t
হ া ন স ি স	h a n s i e
ত ু ল স ী দ ে ব ী	t u l s h i d e b
ন ূ র জ া ম া ন	j u r j a m a n
