க ே ல ர ி	m u s e u m
ஃ ப ு ல ா வ ர ி	p h u l a w a r i
ஃ ப ி ல ி ப ் ப ் ஸ ்	p h i l l i p s
ஃ ப ண ் ட ி	f u n d y
ட ல ் ஸ ா	t u c s o n
க வ ் ஷ ி ய ர ்	g a u t i e r
ச ி ஸ ் ஸ ி	c i c i l y
ல ூ த ி ய ா ன ா	l i t h u a n i a
ஃ ப ் ள ீ ஸ ்	f l e e c e
க ற ் ப க	k r u p k a
ப ொ க ோ த ோ	b o g o t a
ப ை ல ா த ் ப ூ ர ்	b a i t a l p u r
ச ை ன ் ஸ ்	s c i e
எ ல க ் ட ் ர ி க ல ் ஸ ்	e l e c
த ௌ க ் க ீ ர ்	t a w q i r
ச ி ட ோ க ் க ி	c h i k o d i
ப ு ர ு ட ெ ன ் ஷ ி ய ல ்	p r u d e n t i a l
ச ி ல ் ட ் ர ன ் ஸ ்	c h i l d r e n ' s
வ ா ல ெ ஸ ்	w a l l e c e
ஆ ஓ	o f
ஃ ப ி ல ா ன ா	p h i l a n a
ஜ ஸ ் ட ி ஸ ்	j u s t i c e
ஃ ப ் ப ி ர ா ன ் ச ு	f r a n c e
ந வ ் ஷ ர ்	n o u s h e r
ஃ ப ி ர ்	p h i r
ப ெ ள ட ெ ன ்	b o w d e n
ச ெ க ் க ோ ஸ ் ல ே வ ே க ் க ி ய ா	c z e c h o s l o v a k i a
ச ை ன ் ஸ ்	s c i e n c e
ஜ ோ ச ப ் ஸ ்	j o s e p h ' s
ஃ ப ர ் ஸ ் ட ்	f i r s t
ந ௌ த ா வ ு	n a o t a u
இ ய ு ர ி த ி ஸ ்	e u r i d i c e
அ ஸ ீ ம ் க ஞ ் ச ்	a z i m g a n j
த ா ல ி க ஞ ் ச ்	d a l i g a n j
ப ் ர ை ஸ ்	p r i c e
ஃ ப ோ ப ே	p h o e b e
ஹ	h i g h
ப ொ ச ௌ க ் க ி	b o u z o u k i
ஓ ப ெ ஹ ா ஸ ்	o b e r h a u s
ல ு ட ெ ஷ ி ய ம ்	l u t e t i u m
ஆ ர ஞ ் ச ்	o r a n g e
ஃ ப ி ய ா ல ா	p h i a l a
க ி ள ா ர ி ஸ ்	c l a r i c e
ச ோ ல ் ஸ ் ட ை ஸ ்	s o l s t i c e
ப ி ச ி ன ஸ ்	b u s i n e s s
ஜ ு வ ெ ல ்	j e w e l
ச ெ ர ா க ் ஸ ்	x e r o x
த ீ ர ் க ஞ ் ச ்	d h i r g a n j
ல ோ ர ி ய ல ்	l o r é a l
ர ீ ஸ ்	r e e c e
க ெ ள ல ் ஷ ி ய ர ்	g u a l t i e r
அ ன ை ஸ ்	a n n i c e
ந ஜ ி ம ்	n a j m
ஸ ு வ ோ க ோ வ ்	z h o u k o v
ட ு ம ் ம ெ ர ் ஸ ்	d u m m e r ' s
ப வ ர ்	p o w e r
க ி ஷ ன ் க ஞ ் ச ்	k i s h a n g a n j
ஃ ப ி ல ா ண ் ட ர ்	p h i l a n d e r
உ ன ே க ா	o n e g a
க ங ் க ா க ஞ ் ச ்	g a n g a g a n j
க வ ு	g a o o
ப ு ர ூ ஸ ்	b r u c e
ஒ ள ர ை ய ா	a u r a i y a
க ே ன ் ட ி ஸ ்	c a n d i c e
ட வ ர ்	t o w e r
ஸ ா ம ் ப ி ய ா	y u g o s l a v i a
ட ் ர ோ ட ி ய ே	t r u d e a u
ஃ ப ி ர ோ ஸ ா	p h i r o z a
ஆ ன ் ட ன ி ய ோ ட ்	a n t o i n e t t e
ர ி ஃ ப ை ன ர ி ஸ ்	r e f
ஃ ப ் ள வ ர ்	f l o w e r
ச ி ய ன ் ன ா	s e e t a a s a r a n
ல க ் ஹ ஸ ் ட ்	l u c k h u r s t
ஒ ய ி ட ்	w h i t e
ஓ ஜ ் ல ா	a o j l a
ப ஜ ் ச ா ப ி	p u n j a b i
i i i .	i i i .
க ெ ம ் ப ி ள ஸ ்	g e m p l u s
ஔ ட ்	o u d
ஜ ு வ ல ்	j e w e l l
ஆ ஸ ் ட ் ர ே ல ி ய ன ் / வ ோ க ல ்	a u s t r a l i a n / v o g e l
க ெ ன ் ன ி ஸ ்	k e n n i c e
ஆ ஃ ப ீ ஸ ்	o f f i c e
அ ல ர ி ஸ ்	a l a r i c e
ஃ ப ன ் ட ூ ஷ ்	f u n t o o s h
ப ொ ற ண ் ட ல ா ற ு	p o r a n d a l a r
ச ா ஹ ி ப ்	s a n g a t
ஒ ய ி ட ் ஃ ப ி ஷ ்	w h i t e f i s h
அ ன ெ ம ெ ன ்	a n e m o n e
ப ி ள ன ் க ெ ட ்	p l u n k e t t
ட ா ன ் ச ி ட ா ர ோ	t a n c í t a r o
ஹ ா ர ி ல ்	h a r r i s
க ோ ப ா ல ் க ஞ ் ச ்	g o p a l g a n j
ச ி ஹ ம ்	c i c e r o
ஆ ஃ ப ி ஸ ்	o f f i c e
ஃ ப ா ஸ ் ப ர ஸ ்	p h o s p h o r o u s
ர ை ஸ ்	r i c e
ஃ ப ன ் ட ி	f u n d y
க ா ர ் ட ் வ ெ ய ி ட ்	c a r t w r i g h t
அ ச ல ் க ஞ ் ச ்	a c h a l g a n j
க ண ே ஷ ் க ஞ ் ச ்	g a n e s h g a n j
ஆ ன ் ஜ ி ய ோ	a n g i o t e c h
ஜ ெ ன ர ல ் ஸ ்	g e n e r a l ' s
ந ஷ ா க ்	n a q q a s h
க ி ர ெ ட ி ட ்	c r é d i t
ம ா த ் ய ூ	m i c h a e l
அ ப ் ச ர ோ க ோ	a b s a r o k a
த ே வ ன ் க ஞ ் ச ்	d e w a n g a n j
ஃ ப ி ல ோ ம ி ன ா	p h i l o m e n a
ப ி ய ோ ர ே	b u r e a u
ய ா த ங ்	y a d a v
ஜ ா ர ் ஜ ் ஸ ்	g e o r g e ' s
த ா க ் வ ா ல ே	r a k h w a l e
ம ே ர ா	m e r e
ஃ ப ் ப ூ ள ோ ன ்	p h o o l o n
ச ர ் வ ீ ஸ ்	s e r v i c e
வ ி ஜ ி த ே ந ் த ி ர ி	v i j i t e ^ d r i y
த ௌ க ் க ீ ர ்	t a w q e e r
ஊ ஃ ப ் ப ி	w h o o p i
ப ோ ல ி ஸ ்	p o l i c e
ஜ ோ ஸ ப ் ஸ ்	j o s e p h ' s
க ொ ல ன ே ல ் க ஞ ் ச ்	c o l o n e l g a n j
ஃ ப ி ல ி ப ் ஸ ்	p h i l i p s
ம ௌ ர ி ஸ ்	m a u r i c e
ச ம ் ப ா ர ம ்	c h a m p a r a n
ட ீ ப ா ர ் க ் ம ே	d é p a r g m e
v i i	v i i
க ல ் ச ் ச ு ர ல ்	c u l t u r a l
அ க ் ர ி க ் க ல ் ச ூ ர ல ்	a g r i c u l t u r a l
ஒ ள ர ங ் க ா ப ா த ்	a u r a n g a b a d
க ை ஃ ப ர ்	k i e f e r
க ி ள ப ்	c l u b
ச க ் ர வ ு ய ு க ்	c h a k r a v y u h
ஃ ப ோ ர ் ப ெ ஸ ் க ஞ ் ச ்	f o r b e s g a n j
அ ல ீ ஸ ்	a l i c e
ஃ ப ி ல ி ப ்	p h i l l i p
த ி ர ு க ் க ழ ு க ு ன ் ற ம ்	t h i r u k k u l u n k u n r a m
ஜ ி ய ோ வ ி ன ா	g i o v a n n a
ல ி ய ம ் ன	i l i a m n a
த ே ர ா	t e r e
க ொ ழ ு ம ் ப ு	c o l o m b o
1 0 1	1 0 1
ப ் ர ூ ஸ ்	b r u c e
ந ை ஸ ்	n i c e
