โ ย ฮ ั น น ์	j o h a n n
เ จ ี ย ง ,	c h i a n g
อ า ร ์ อ ี อ า ร ์	r e r
เ อ ็ ม แ อ ล เ อ ส เ อ ส	m l s s
อ ไ บ ร ึ น	o b y r n e
เ อ ส เ อ ็ ม แ อ ล	s m l
ภ ู ฏ า น	b h u t a n
ไ ด ก ์ ส ต ร า	d y k s t r a
โ ค ว ต า	q u o t a
ไ ฟ	f i
เ อ ็ น ย ู อ า ร ์	n u r
เ ม อ แ ร ง	m e r i n g u e
โ ย ฮ ั น	j o h a n
อ า ร ์ เ อ ็ ม ซ ี แ อ ล	r m c l
เ อ ส พ ี อ า ร ์ อ า ร ์	s p r r
โ ม ค า	m o c h a
เ อ ส แ อ ล อ า ร ์	s l r
ด ั บ เ บ ิ ล ย ู ท ี โ อ	w t o
โ ย ฮ ั น น า	j o h a n n a
ว า ย ด ั บ เ บ ิ ล ย ู ซ ี เ อ	y w c a
แ ค ว ็ ก เ ค ิ น บ ุ ช	q u a c k e n b u s h
โ บ ก ี	b o g i e
โ ก เ บ อ แ ล ง	g o b e l i n s
ซ ู โ ด โ ม น า ส	p s e u d o m o n a s
ผ ั บ	p u b
เ อ ็ ม เ อ ฟ เ อ ็ น	m f n
เ อ ็ ม เ อ ส ด ั บ บ ล ิ ว	m s w
ค ั ม	c w m
เ อ ็ ม อ า ร ์ ไ อ	m r i
จ ี ๊ บ	่ j e e p
ด ั บ เ บ ิ ล ย ู . ,	w . ,
ไ น ค ว ิ ส ต ์	n y q u i s t
เ อ ก ซ เ ร ย ์	x r a y s
เ อ ด ิ น บ ะ ร ะ	e d i n b u r g h
โ ค ร ม ั น ย อ ง	c r o - m a g n o n
เ อ ิ ้ น ไ ห ล	e n l a i
อ า ร ์ พ ี เ อ ็ น	r p n
โ ค ว เ ท ช ั น	q u o t a t i o n
ซ ี ท ี เ อ ็ ก ซ ์	c t x
เ อ ก ซ ์ โ อ	x o
ไ ฟ จ ี ่	f y g i
แ ค ช	c a c h e
ไ ซ	x i
บ ี เ อ ็ น อ า ร ์	b n r
แ ห ม ่ ม	m a ' a m
ไ จ ฟ ์	j i v e
เ อ ็ ม เ อ ส	m s
อ า ร ์ เ อ ช อ า ร ์	r h r
เ อ ส เ อ ็ น อ า ร ์	s n r
เ อ ส ด ี เ อ ็ น อ า ร ์	s d n r
ด ี เ อ ็ น อ า ร ์	d n r
เ อ ็ ก ซ ์	x
ไ ว ช	w y c h e
พ ี เ อ ็ ม อ า ร ์	p m r
โ บ	b o
โ ย ฮ ั น เ น ส	j o h a n n e s
เ อ ็ น อ า ร ์	n r
เ อ ส เ อ ็ น ย ู อ า ร ์	s n u r
เ บ ร	b r a i s
เ อ ็ ม พ ี เ อ ็ น	m p n
แ จ ก ส ์	j a q u e s
ห ล ุ ย ์ ส ,	l o u i s ,
บ ี เ อ ็ ม เ อ ็ ก ซ ์	b m x
พ ี อ า ร ์ อ า ร ์	p r r
เ อ ก ซ ์ แ อ ล	x l
ย ู โ ฟ	u f o
ค า น ธ ี ,	g a n d h i ,
ก ั ม พ ู ช า	c a m b o d i a
ห ล ุ ย ส ์	l o u i s
ซ ี เ อ ็ น เ อ ็ น	c n n
โ ม ห ์ ส ์	m o h s
อ า ร ์ เ อ ็ น เ อ	r n a
เ ฟ ล ็ ต โ ท	f l a t o w
ไ บ	b i
ห ล ุ ย ส ์	l o u i s e
ฮ า เ ซ น ว ิ ล เ ล ี ย ม ส ์	็ h a z e n - w i l l i a m
ซ ี ด ี อ า ร ์ ด ั บ เ บ ิ ล ย ู	c d - r w
บ ั ง ก ล า เ ท ศ	b a n g l a d e s h
ด ั บ เ บ ิ ล ย ู .	w .
โ ค ว ต	q u o t e
ไ จ ไ ม น ี ่	j i m i n y
ก า ฐ ม า ณ ฑ ุ	k a t h m a n d u
เ อ ็ น เ อ ็ ม อ า ร ์	n m r
ฝ า ห ั ว	f a - h u a
อ า ร ์ เ อ ส เ อ ฟ	r s f
ไ ฮ แ ด ร น เ ย ี ย	h y d r a n g e a s
เ อ ็ ม เ อ ส แ อ ล	m s l
ฟ อ ล โ ล ว ์ ท ร ู ว ์	f o l l o w - t h r o u g h
ด ี ด ั บ บ ล ิ ว เ อ ฟ	d w f
เ อ ็ ม เ อ ็ ม ด ี	m m d
โ อ เ อ ็ ม อ า ร ์	o m r
โ ค บ อ ล ต ์ - ๖ ๐	c o b a l t - 6 0
โ จ	j o
เ ค	k .
อ า ร ์ เ อ ็ ม	r m
โ ม ห ์ เ ล อ ร ์	m o h l e r
ไ บ ล	b l i g h
อ า ร ์ ค ิ ว	r q
โ ม ซ ั ม บ ิ ก	m o z a m b i q u e
แ ช ร ์ แ ป ร ั ล	c h a p a r r a l
