ಸ ು ರ ೇ ಶ ೆ	s u r e s h
ಮ ಸ ೂ ದ ಿ	m e s s u d i e h
ಶ ು ವ ಾ	s h u ' a
ಜ ೊ ಕ ್ ಯ ು ಮ ್	j o a q u i m
ಊ ಡ ್	o u d
ಓ ಂ ಕ ಾ ರ ್	o ^ k a a r
ಯ ೂ ಬ ರ ೋ ತ ್	u e b e r r o t h
ವ ಸ ಣ ್ ‌ ಶ ಾ ಹ ್	w a s a n h a r
ಪ ್ ಲ ್ ಯ ಾ ಟ ೊ	p l a t e a u
ಘ ರ ್	a j a
ಇ ಂ ಗ ಾ ರ ು ಹ ೆ	n g a u r u h o e
ಬ ೇ ತ ಾ ಲ ್	v e t a l
ಜ ೌ ಹ ರ ಿ	j o h a r i
ಡ ೆ ಲ ೇ ರ ೊ	d e l o r a
ಫ ೀ ನ ಿ ಕ ್ ಸ ್	p h o e n i x
ಅ ಲ ್ - ನ ೆ ಫ ಸ ್	e l - n e f o u s
ಡ ೈ ನ ಾ	d y a n
ತ ೈ ಹ ಿ ನ ಿ ಯ ನ ್	t y r r h e n i a n
ಕ ೋ ಗ ್ ನ ೈ ಸ ೆ ಂ ಟ ್	c o g n i z a n t
ಭ ೀ ಮ ಸ ಿ ಂ ಹ ್	b h i m s e n
ಮ ಾ ಲ ್ ಬ ರ ್ ಗ ೊ	m a r l b o r o u g h
ರ ಾ ಖ ಿ	r i h a e e
ಸ ಿ ಂ ಗ ್	a m a r n a t h
ರ ಟ ್ ಲ ೆ ಜ ್ ಡ ್	r u t l e d g e
ಲ ೆ ನ ಾ	i e n a
ಬ ಿ ಜ ್ ‌ ಜ ್ ಯ ಾ ಡ ಿ	b i e s z c z a d y
ಅ ಲ ್ - ಸ ರ ಯ ಾ	e l - s a r a y a
x x i i i	x x i i i
ಗ ು ತ ಾ ಯ ನ ್	g h u n a y n
ರ ಿ ಚ ಿ ರ ್	r u c h i r
ಈ ದ ್	i d d
ಮ ೈ ಖ ೇ ಲ ್	m i c h a e l
ಹ ೆ ಚ ್	h
ಕ ಿ ಲ ೌ ವ ಾ	k i l a u e a
ಬ ಡ ್ ಡ ೀ	b u d d y
ಇ ಂ ಜ ಿ ನ ಿ ಯ ರ ್	i ^ j e e n i y a r
ಬ ು ಸ ್ ಸ ಾ	b o s s a
ಕ ೊ ಯ ಂ ಬ ತ ್ ತ ೂ ರ ು	c o i m b a t o r e
ಜ ೀ ಟ ಾ	z y t a
ಚ ೂ ಲ ಿ ಯ ಟ ್	j u l i e t t e
ಅ ತ ೀ ಂ ದ ್ ರ ಜ ೀ ತ ್	a t i n d e r j e e t .
ನ ಿ ಗ ಾ ಹ ೇ - ಇ - ನ ಫ ರ ತ ್	n i g a h - e - n a f r a t
ತ ು ಥ ೆ ರ ನ ್	l u t h e r a n
ಮ ದ ೀ ದ ೆ	m a d i n e
ಕ ್ ಯ ಾ ಸ ್ ಟ ರ ್	c a s t l e
ಇ ಂ ಡ ಸ ್ ಟ ್ ರ ೀ ಸ ್	i n d
ಡ ್ ಯ ು ಲ ಿ ಯ ೊ	d u i l i o
ಥ ಿ ಯ ೇ ರ ಾ	t h i e r y
ಲ ಕ ೀ	l u c k y
ಶ ೋ ಪ ೆ ನ ್ ‌ ಹ ೋ ವ ರ ್	s c h o p e n h a u e r
ಸ ಿ ಂ ಗ ್	s o d h i
ಫ ್ ರ ೀ ಡ ಂ	a w a r d
ಕ ೈ ಜ ಲ ್ - ಕ ು ಮ ್	k y z y l - k u m
ಹ ು	h o
ಡ ೆ ಸ ್ ಟ ೆ ಮ ೊ ನ ಾ	d e s d e m o n a
ತ ು ಮ ು ಕ ು ಮ ಾ ಕ ್ ಯ ು	t u m u c u m a q u e
ಚ ಬ ್ ಬ ಿ	c h h a b i
ಸ ಲ ್ ಯ ೂ ಷ ನ ್ ಸ ್	s o l u t i o n
ಕ ಿ ತ ಾ ರ ೆ	k i n a r e
ಥ ರ ್ ಮ ೊ ಫ ೀ ಲ ಿ ಯ ಾ	t h e r m o p y l a e
ಮ ು ಆ ವ ್ ವ ಿ ಜ ್	m u ' a w w i z
ಔ ರ ಾ ಗ ್ ಬ ೀ ಸ ್	a u g r a b i e s
ದ ಕ ್ ಷ ಿ ಣ ೇ ಶ ್ ವ ರ ್	d a k h i n e s w a r
ಓ ಜ ್ ಲ ಾ	a o j l a
ಹ ು ಸ ೇ ನ ್	m u n t a s i r
ಪ ೇ ಪ ರ ್ ಸ ್	g o l d e n
ಇ ಂ ಟ ರ ್ ನ ್ ಯ ಾ ಷ ನ ಲ ್	i n t l
ಪ ಗ ಡ ೀ	p u g r e e
ಜ ೋ ಡ ೀ	j o d y
6 6	6 6
ಬ ೀ ನ ್	b r e a n
ಜ ೀ ತ ್ ಕ ಾ	z y t k a
ಫ ಢ ಕ ೆ	p h a d k e
ಕ ್ ಲ ಾ ರ ್ ಕ ್	w a u g h
ಬ ಮ ನ ್ ‌ ಹ ೇ ರ ಾ	b a m a n h e r i
ಟ ು ಡ ೆ	t o d a y
ಬ ್ ಯ ೂ ರ ೊ	b u r e a u
ಹ ್ ಯ ು ಲ ೆ ಟ ್	h e w l e t t
ಅ ಕ ೋ ಂ ಟ ೋ	o c o n t o
( ಡ ೈ ಲ ಿ )	( d a i l y )
ಮ ರ ಾ ಠ ್ ‌ ವ ಾ ಢ ಾ	m a r a t h w a d a
ಛ ಾ ವ ್	c h h a o n
ಇ ಯ ಾ ನ ್	l y o n
ಮ ್ ಯ ಾ ಕ ್ ‌ ನ ಬ ್	m c n a b
ಟ ು	t o
ಮ ೋ ಥ ೋ ಡ ಿ ಸ ್ ಟ ್	m e t h o d i s t
ಅ ರ ಲ ್ ‌ ವ ೈ ಮ ೊ ಳ ಿ	a r a l v a y m o z h i
ಜ ್ ಞ ಾ ನ ದ ೀ ಪ ್	j n y a n d e e p
ಜ ೌ ಹ ಲ ್	j o h a l
ಸ ್ ಮ ೌ ವ ್ ‌ ತ ಕ ್ ಕ ರ ್	s m o u t a k k e r
ಡ ಿ ಅ ಸ ಿ ಸ ಿ	d ' a s s i s i
ಚ ೆ ರ ಾ ಲ ್ ಡ ಿ ನ ್	g e r a l d i n e
ತ ು ಝ ್	t u j h
ಷ ಡ ಯ ಂ ತ ್ ರ ್	s h a d y a n t a
ಗ ೃ ಹ ಸ ್ ಥ ಿ ತ ಿ	g r a h a s t h i
ಚ ೆ ಸ ್ ಟ ೀ	c h a s t i t y
ನ ಜ ೀ ಬ ದ ್	n a j i b a h
ಝ ೆ ನ ನ ್	x e n o n
ಬ ೆ ಂ ಗ ಳ ೂ ರ ು	b a n g a l o r e
ಭ ಚ ್ ಚ ು	b h a c c h
ತ ು ತ ೆ ರ ಾ ನ ್	l u t h e r a n
ಸ ೋ ಢ ಿ	s o d i
( ನ ್ ಯ ೂ )	( n e w )
ಬ ್ ಯ ಾ ಂ ಕ ್	b k
ಕ ್ ವ ೀ ನ ್ ಸ ್	q u e e n ’ s
ಸ ಾ ಂ ಝ ್	s a n j h
ಬ ಿ ಜ ನ ೆ ಸ ್	b u s i n e s s
ಮ ಾ ರ ್ ಗ ೌ ಕ ್ ಸ ್	m a r g a u x
ಬ ್ ಯ ಾ ಂ ಕ ್	b
ಯ ಾ ಂ ಡ ೆ ಡ ್	y a o u n d e
1 0 1	1 0 1
ಕ ಾ ಟ ನ ್ - ಐ ಡ ್ - ಜ ೋ	c o t t o n - e y e d - j o e
