โ บ ร ก เ ก อ ร ์	b r o k e r
แ ฮ ง ค ิ น ส ั น	h a n k i n s o n
แ ล ส ั น	l a s i n
เ ป โ ต ร ก ล ี ฟ	p e t r o g l y p h
เ ท ล ล ู โ ร ม ิ เ ต อ ร ์	t e l l u r o m e t e r
โ พ ร โ ท พ ล า ซ ึ ม	p r o t o p l a s m
โ ย ฮ ั น น ์	j o h a n n
เ จ ี ย ง ,	c h i a n g
แ ว น เ ด อ ร ์	v a n d e r
โ น ว ิ ก	n o v i k
โ ซ โ ก ต ร า	s o c o t r a
เ พ า โ ล	p a o l o
แ ล ง เ ฟ ิ ร ์ ด	l a n g f o r d
แ ล ง ส ์ ต ั น	l a n g s t o n
โ ค ท ิ โ ล ซ อ ร ์	c o t y l o s a u r
อ า ร ์ อ ี อ า ร ์	r e r
อ า โ ฮ	a h o
เ ก ร น แ ซ น ไ ฮ ไ ด ร ท ์	g r e n z a n h y d r i t e
โ ร ม า โ น	r o m a n o
เ อ ็ ม แ อ ล เ อ ส เ อ ส	m l s s
แ บ ไ ร ต ส ์	b a r y t e s
ฮ ี ล ิ โ อ โ ท ร ป	h e l i o t r o p e
อ ไ บ ร ึ น	o b y r n e
เ ค ล ส ์	k e l c e
เ อ ส เ อ ็ ม แ อ ล	s m l
บ ร า ค ิ ส โ ท โ ค ร น	b r a c h i s t o c h r o n e
จ ี โ น ไ ท ป ์	g e n o t y p e
ภ ู ฏ า น	b h u t a n
โ ย โ ค	y o k o
โ พ ส เ ต ิ ้ น	p o s t o n
โ ร ม ิ เ ง อ ร ์	r o m i n g e r
ค า โ ด แ ก น	c a d o g a n
ฮ า ร ์ ด โ ก ร ฟ	h a r d g r o v e
ไ ซ โ ก ต	z y g o t e
ไ ด ก ์ ส ต ร า	d y k s t r a
โ ฟ ร ์ อ า ย	f o u r - e y e
โ บ น า ป า ร ์ ต ,	b o n a p a r t e ,
โ ก แ ว น	g a u v i n
โ ค ว ต า	q u o t a
ช ิ โ ก ก ุ	s h i k o k u
แ อ น ต ิ โ ป ด	a n t i p o d e s
ก า โ บ โ ร น	g a b o r o n e
โ พ ร ฟ ู โ ม	p r o f u m o
บ ๊ า บ	b a a b
โ น ห ์	n o h e
โ ฮ ป	h o p e
โ ฮ ก า ร ์ ท	h o g a r t h
แ ด ม โ บ ร ซ ี โ อ	d a m b r o s i o
แ ม ช ั ว ร ิ ต ี	m a t u r i t y
โ ก ล ด ์ ส เ ว ิ ร ์ ต ท ี ่	g o l d s w o r t h y
โ ว ล เ พ ิ ร ์ ต	w o l p e r t
ไ จ ต ์ เ ล อ ร ์	g i t l e r
ช า ญ า ร ั ล	c h a n a r a l
โ ค ไ ด เ ม อ ร ์	c o d i m e r
ป า ป า ก า โ ย	p a p a g a y o
แ ล ง ฮ อ ร ์ น	l a n g h o r n e
ไ ฟ	f i
แ บ ง ก ์ ส	b a n k e s
โ ซ ล า ,	z o l a ,
โ พ ส ต ์ เ พ ด	p o s t - p a i d
ไ ด	d i
แ ว น เ น ว า เ อ อ ร ์	v a n n e v a r
โ ก ส	g o s e
ไ บ บ อ ร ์	b i b o r
โ ก ห ์ เ ล อ ร ์	k o h l e r
ย ะ ม ะ โ ม ะ โ ต ะ ,	y a m a m o t o ,
ถ ั ่ น ,	t h a n t ,
แ พ ร น ส ์	p r a n c e
ส ไ ป ร	s p r y
ค ๊ อ บ โ บ ล ด ์	c o b b o l d
โ ร บ ี ย ์	r o b e y
แ ม ไ ร เ บ ท	m a r y b e t h
แ ม น โ ก ล ด ์	m a n g o l d
โ ว ล ด ์	v o l d
โ ร ล ์ ฟ ส	r o l f s
ไ ค ล โ น แ อ น ส ต า ไ ท ต ์	c l i n o e n s t a t i t e
โ บ ร เ ก ิ ่ น	b r o g a n
โ พ ร เ ท ี ย ส	p r o t e u s
ไ ซ โ ค ล เ ม ต ิ ก	c y c l o m a t i c
แ ช ร ป เ น ิ ล	s h r a p n e l
โ ค แ ว เ ร ี ย น ต ์	c o v a r i a n t
เ ด ว ี ย ์	d a v e y
เ บ โ ท เ ฟ น ,	b e e t h o v e n ,
โ ร ป ส ์	r o p e s
ฮ ว น น ี ่ ต ้ า	j u a n i t a
ส ต ี ฟ า โ น	s t e f a n o
โ ท ม า ฮ อ ว ์ ก	t o m a h a w k
แ ล ง เ ซ ิ น	l a n g s o n
โ ส ร ่ ง	s a r o n g
โ พ ร แ ท ก ท ิ เ น ี ย ม	p r o t a c t i n i u m
โ บ ด	b o d e
แ อ ม โ บ ร เ ซ ี ย	a m b r o s i a
โ น ว า	n o v a
โ ร ล ฟ ิ ่ ง	r o l f i n g
ไ อ บ ี เ อ ็ น อ า ร ์	i . b . n . r .
บ ิ ส โ ค	b i s c o
แ ม ง โ ก ส ต ี น	m a n g o s t e e n
โ พ ร เ จ ็ ก ช ั น	p r o j e c t i o n
โ ก ล ด ์ ฟ ิ ล ด ์	g o l d f i e l d
ไ ฮ จ ี น	h y g e n e
โ ก น ิ ต	g o n e t
ไ ค ร โ อ ส โ ก ป ิ ก	c r y o s c o p i c
โ ม น ่ า	m o n a
โ ม ด ี ค ่ า	m o d i c a
แ ซ ง แ ต ก ซ ู เ ป ร ี ,	s a i n t - e x u p e r y ,
ไ น โ ต ร โ ซ โ ม น ั ส	n i t r o s o m o n a s
โ ว แ ม ็ ก	w o m a c k
โ ฮ จ	h o g e
เ ค ล เ ม ิ น ส ์	c l e m e n c e
เ บ ส ์	b a y e s
ร ะ พ ิ น ท ร น า ถ	r a b i n d r a n a t h
โ ก น ิ โ อ ม ิ เ ต อ ร ์	g o n i o m e t e r
แ ว ก ี ่	v a g h i
ย ู โ ด	j u d o
โ ซ โ ท	s o t h o
เ อ ็ น ย ู อ า ร ์	n u r
โ ก ร ส เ บ ็ ก	g r o e s b e c k
แ ว น ไ ด ค ์	v a n d y k e
เ ม อ แ ร ง	m e r i n g u e
แ ม ง ก า โ น ไ ซ ต ์	m a n g a n o s i t e
โ ก ล อ ม บ ิ ก	g o l o m b e k
โ บ ล ิ น	b o l e y n
โ ร ห ์ ,	r o h e ,
โ ก ไ ด แ อ ก	k o d i a k
โ ย ฮ ั น	j o h a n
ก ั ต แ ซ น น ี ก ้ า	g a z z a n i g a
โ ท แ พ ซ	t o p a z
อ อ โ ท โ ท ร ฟ ิ ก	a u t o t r o p h i c
โ จ น ั ส	j o n a s
แ ล ม โ พ ร โ บ ไ ล ต ์	l a m p r o b o l i t e
เ พ โ ท ร	p e t r o u
เ ท ท ร ะ โ ก น ั ล	t e t r a g o n a l
ส แ ต น แ บ ร ี ่	s t a n b u r y
พ ร ิ ม โ ร ส	p r i m r o s e
โ ก ล ด ์ เ บ ็ ก	g o l d b e c k
โ บ ก	b o k e
โ บ ล เ ว ล	b o l w e l l
โ จ น า ท า น	j o n a t h a n
โ ก ร ส เ ม ิ น	g r o s s m a n
อ า ร ์ เ อ ็ ม ซ ี แ อ ล	r m c l
ไ จ เ ร ช ั น	g y r a t i o n
เ อ ส พ ี อ า ร ์ อ า ร ์	s p r r
ไ ท ร ไ น โ ท ร โ ท ล ู อ ี น	t r i n i t r o t o l u e n e
โ ม น ด ร า ก อ น	m o n d r a g o n
แ ก ง ก ้ า	g a n g a
โ ก ล บ ุ ล า ร ์	g l o b u l a r
ไ ค ร ย ์ อ ี เ ช ็ ก	k r a j i c e k
แ ล ม โ พ ร ไ ฟ ร ์	l a m p r o p h y r e
ไ ม ซ ี น ี	m y c e n a e
โ ร ม า น ี ่	r o m a n i
โ ก ด ิ ้ น	g o d i n
แ ม น โ ซ น ี ่	m a n z o n i
โ ร โ ด โ ค ร ไ ซ ต ์	r h o d o c h r o s i t e
โ ม ค า	m o c h a
โ ม น ี เ อ อ ร ์	m o n i e r
โ ม ด ิ น	m o d i n
โ ฮ โ ม ไ ค ล ม ์	h o m o c l i m e s
ว ู ด แ บ ร ี ่	w o o d b u r y
แ ฮ ง ก ์ โ อ เ ว อ ร ์	h a n g o v e r
โ บ โ บ	b o b o
แ ม โ ค ร ไ บ โ อ ต ิ ก	m a c r o b i o t i c
แ บ จ ล ี ย ์	b a d g l e y
โ บ ร เ ม ิ ่ น	b r o m a n
โ ก ล ด ์ ว ิ น	g o l d w i n
เ น โ พ ต	n e p o t e
ไ ม โ ค ร โ ป ร แ ก ร ม	m i c r o p r o g r a m
อ ช ั น ต า	a j a n t a
เ อ ส แ อ ล อ า ร ์	s l r
โ น ล ์ ต	n o l t e
โ ว ล ซ ี ล ี ย ์	w o l s e l e y
โ ค บ อ ล	c o b o l
ไ ว ท ์	w y t h e
โ บ ล ด ์	b o l d
โ ป ร โ ค ฟ ี ฟ ,	p r o k o f i e v
โ บ ล ต ์	b o l t
แ ว น น อ ส	v a n o s s
โ ม ด ี น	m o d i n e
ส โ ป ร ส	s p r o s s
ด ั บ เ บ ิ ล ย ู ท ี โ อ	w t o
ไ จ บ ์	g y b e
ไ ม โ ค ร ไ ค ล น ์	m i c r o c l i n e
เ ฮ ก แ ซ ม เ ช ี ย ร ์	h e x h a m s h i r e
ฟ อ น ส ์	f a u n c e
โ ย ฮ ั น น า	j o h a n n a
พ ี โ อ ว ี	p . o . v .
แ พ น โ ท ไ ม ม ์	p a n t o m i m e
โ ร ซ ี	r o s e y
โ ก ล ฟ	g l o v e
โ ฮ ล ์ ม	h o l m e
ว า ย ด ั บ เ บ ิ ล ย ู ซ ี เ อ	y w c a
โ ก ร ห ์	g r o h
อ ั ม โ น	u m n o
แ ร น ส ์	r a n c e
อ ึ ง ล ิ ง	y n g l i n g
แ ค ว ็ ก เ ค ิ น บ ุ ช	q u a c k e n b u s h
ว ุ ล แ ฟ ร ม	w o l f r a m
โ บ ก ี	b o g i e
เ ท อ ร ิ โ ก แ ม ก ซ ิ ล ล า ร ์	p t e r y g o m a x i l l a r
ว ี แ ว ง โ ค	v i v a n c o
ไ ซ โ ค ล เ ฮ ก ซ า น อ ล	c y c l o h e x a n o l
ไ ฟ แ น น ซ ์	f i n a n c e
โ บ น ิ น	b o n i n
โ ก เ บ อ แ ล ง	g o b e l i n s
เ ต อ ร ์ ก เ ม น ิ ส ถ า น	t u r k m e n i s t a n
เ บ ย ์	b a y
ก ั ม โ บ ท ิ ล	g u m b o t i l
โ ร ม ู	r o m e u
บ ั ล เ ล ิ น ส ์	b a l l a n c e
แ ว น เ ด อ ว อ เ ต อ ร ์	v a n d e w a t e r
แ ว น ค ู เ ว อ ร ์	v a n c o u v e r
โ ร ว ์	r o w
อ า ย	e y e
โ ค ซ า	k o z a
แ ว น เ ด อ ร ์ โ พ ล	v a n d e r p o e l
ส โ ค ป ส ์	s c o p e s
โ พ ซ ิ ช ั น น ิ ่ ง	p o s i t i o n i n g
โ ร ซ ั ส โ ค ่	r o s a s c o
โ ค บ ี	c o b y
โ ก ล เ ว อ ร ์	g l o v e r
โ พ ร เ ฟ ส เ ซ อ ร ์	p r o f e s s o r
โ พ ร เ จ ก เ ต อ ร ์	p r o j e c t o r
ช า โ บ	s z a b o
แ พ น โ ท ส	p a n t o s
เ บ ย ์ ฟ ิ ล ด ์	b a y f i e l d
ป า โ บ ล	p a b l o
เ ซ เ ว อ เ ร ิ ่ น ส ์	s e v e r a n c e
เ ว ย ์ น	w a y n e
โ ก ก อ ล ,	g o g o l ,
โ พ ล ส ั น	p o l s o n
โ จ ไ ซ ห ์	j o s i a h
โ บ ท า	b o t h a
เ พ น โ ท ด	p e n t o d e
ไ ล โ อ เ น ล	l y o n e l
โ ม น ต า โ น ่	m o n t a n o
โ จ บ ิ ้ น	j o b i n
โ ซ น ่ า	z o n a
โ ก ร บ	g r o b e
ไ ค ล โ น ค ล อ ร ์	c l i n o c h l o r e
เ ม ท า ซ ั ว	m e t a z o a
ซ ู โ ด โ ม น า ส	p s e u d o m o n a s
อ อ ง แ ก น	o n c k e n
แ ม ไ ท เ ซ ิ ่ น	m a t h i s e n
แ จ ส เ พ อ ร ์	j a s p e r
โ ก ฟ	g o v e
โ ร ม า เ น ส ก ์	r o m a n e s q u e
แ ซ ง ก ี ย ์	s a n k e y
ค า ส เ ซ ิ ล เ ร	c a s t l e r e a g h
เ ซ ็ น ต ์ ล อ เ ร ิ ่ น ส ์	s a i n t l a w r e n c e
ไ บ ร โ อ โ ล ย ี	b r y o l o g y
แ อ น ไ ฮ ไ ด ร ด ์	a n h y d r i d e
โ จ โ จ บ า	j o j o b a
ผ ั บ	p u b
โ ด ฮ า	d o h a
ม า น า ก ั ว	m a n a g u a
โ พ ส ต ์ ส ค ร ิ ป ต ์	p o s t s c r i p t
โ ป ร ด ั ก ช ั ่ น ส ์	p r o d u c t i o n s
พ ี ร ิ โ อ โ ด แ ก ร ม	p e r i o d o g r a m
โ พ ซ ิ ต ร อ น	p o s i t r o n
โ บ ว า ร ์ ด	b o v a r d
โ พ พ ี โ อ ้	p o p e o
เ อ ็ ม เ อ ฟ เ อ ็ น	m f n
แ ล ง เ ด ิ ่ น	l a n g d o n
โ บ ว ี ่	b o v i e
เ พ ย ์ น ,	p a y n e ,
โ ฮ ก	h o g u e
โ ป ร เ ต ส แ ต น ต ์	p r o t e s t a n t
ไ ต ้ ฝ ุ ่ น	t y p h o o n
เ ท อ ร ิ โ ก แ พ ล า ท ี น	p t e r y g o p a l a t i n e
แ ล ง เ ม ิ ่ น	l a n g m a n
ไ ว โ อ ม ิ ง	w y o m i n g
ป ร ิ น ส ์	p r i n c e
เ อ พ ิ ด ิ ไ ด ม ิ ส	e p i d i d y m i s
ล ิ ม โ ป	l i m p o
แ ว น ด อ เ ร ิ ่ น	v a n d o r e n
โ ม น อ ย ด ์	m a n o i d
แ บ ง	b a n g
โ ม ส ก า โ ต ้	m o s c a t o
ไ ด โ อ ด	d i o d e
โ พ ร เ จ ก ต ์	p r o j e c t
โ ก ล ด ์ ช ม ิ ต	g o l d s c h m i d t
โ พ ร ท ิ ส ต า	p r o t i s t a
โ ก ด ั ก	k o d a k
โ ว ฟ	w o v e
จ า โ ค บ ั ส	j a c o b u s
แ ย น ส ก ี ้	j a n s k y
โ ป ร โ ต โ ซ อ ิ ก	p r o t o z o i c
อ ี แ ว น เ จ ล ิ ค ั ล	e v a n g e l i c a l
โ พ ร เ บ ิ ร ์ ต	p r o b e r t
ไ น แ อ ส	n i a s
ฮ ุ ล เ ซ ิ ร ์ ล ,	h u s s e r l ,
เ น อ โ ว ต น ี ่	n o v o t n y
เ อ ็ ม เ อ ส ด ั บ บ ล ิ ว	m s w
อ ิ น ส โ ค	i n s c o
อ อ ม โ บ ร ม ิ เ ต อ ร ์	o m b r o m e t e r
แ ล ง แ ก ก เ ก อ ร ์	l a n g a c k e r
พ ิ ก โ น ม ิ เ ต อ ร ์	p y c n o m e t e r
อ า โ ด ว า	a d o w a
แ ฮ ง ค ี ่	h a n k e y
โ ฟ ล ต	f l o a t
โ ว ล ์ ฟ ก ั ง	w o l f g a n g
ค ั ม	c w m
โ ก ว ์	g o w
โ ย ส ต ์	y o s t
โ ร ด ี ้	r o d y
อ ั บ ด ุ ล	a b d e l
แ ฮ ง ค ิ น ส ์	h a n k i n s
ไ อ เ พ อ ร ์ โ บ ล ิ ก ซ ี แ ค น ต ์	h y p e r b o l i c s e c a n t
โ พ ร น ี	p r o n y
แ ม ง เ ก ิ ล	m a n g l e
แ ย ม	j a m
บ า ย พ ร อ ด ั ก ต ์	b y - p r o d u c t
แ ย น ซ ี ย ์	y a n c e y
โ อ โ ซ น	o z o n e
โ ก ล ด ์ ส ไ ต น ์	g o l d s t e i n
เ อ ็ ม อ า ร ์ ไ อ	m r i
จ ี ๊ บ	่ j e e p
โ ก ล ด ์ ส	g o l d s
แ อ ง โ ก ล	a n g l o
โ ฟ โ ต ไ ล ซ ิ ส	p h o t o l y s i s
ด ั บ เ บ ิ ล ย ู . ,	w . ,
ไ ช ค อ ฟ ส ก ี ้	c z a j k o w s k i
โ ก ร ท	g r o t h e
ไ น ค ว ิ ส ต ์	n y q u i s t
แ ล บ ร า โ ด ไ ร ต ์	l a b r a d o r i t e
เ อ ก ซ เ ร ย ์	x r a y s
โ ม น ค ู ร ี ่	m o n c u r e
แ ว ง เ ค ิ ร ์ ก	v a n k i r k
โ ค แ ท น เ จ น ต ์	c o t a n g e n t
ไ บ โ อ ร ิ ท ึ ม	b i o r h y t h m
เ อ ด ิ น บ ะ ร ะ	e d i n b u r g h
แ ท ร ช	t h r a s h
เ ก ร ิ ด ค ี ่	g r o d z k i
โ ว ส ก ู ล	v o s k u i l
แ ซ ง ส เ ต อ ร ์	s a n g s t e r
ฮ ิ ป โ ป แ ค ม ป ั ส	h i p p o c a m p u s
ไ ฮ บ ร ิ ไ ด เ ซ ช ั น	h y b r i d i s a t i o n
แ ว ช า	v a c h a
โ พ ล ก า	p o l k a
โ ป โ ล	p o l o
ว ั น เ ว ย ์	o n e - w a y
พ ี โ อ เ อ ช ซ ี	p o h c s
โ ค ร ม ั น ย อ ง	c r o - m a g n o n
แ ล ง เ ด ล	l a n g d a l e
แ ว น ด ์	v a n d e
แ ฮ ฟ ว ิ ก	h a v l i k
โ บ โ ก ต า	b o g o t a
ส เ ต ร ป โ ท ไ ม ซ ิ น	s t r e p t o m y c i n
โ ก ล ด ิ ้ น	g o l d i n
โ ซ ซ ่ า	s o s a
แ ว น น ิ ส ท ์	v a n n e s t
ป า ป ั ว	p a p u a
แ ค ม ป ์ โ ท ไ น ต ์	c a m p t o n i t e
ฟ ร อ น ส ์	f r a u n c e
โ ม น ค า ด ้ า	m o n c a d a
โ น ส เ ว อ ร ์ ท ี ่	n o s e w o r t h y
โ ป ร ซ ิ อ อ น	p r o c y o n
ท ร า ม อ น ต า โ น	t r a m o n t a n o
โ ก ร เ น อ ร ์	g r o n e r
เ อ ิ ้ น ไ ห ล	e n l a i
บ ั น ส ์	b u n c e
โ ซ ม า โ ท พ ล า ซ ึ ม	s o m a t o p l a s m
โ ม แ ด ล ล ิ ต ี	m o d a l i t y
อ า ร ์ พ ี เ อ ็ น	r p n
ท า จ ิ ก ี ส ถ า น	t a j i k i s t a n
โ ค โ ร ก ร า ฟ ิ ก	c h o r o g r a p h i c
โ พ ร เ จ ก ไ ท ล ์	p r o j e c t i l e
แ บ น โ จ	b a n j o
ไ ค โ ร ส	k y r o s
ค ร ิ ป โ ท โ ซ อ ิ ก	c r y p t o z o i c
บ ร ู โ น	b r u n o
โ ก ล เ ด ิ น เ บ ิ ร ์ ก	g o l d e n b e r g
โ ก ร น ิ ง ,	g r o e n i n g ,
แ ว น ม า ร ์ ก	v a n m a r k
โ ก ล ด ์ ส ม ิ ท	g o l d s m i t h
แ อ น ต ิ โ ป ร ต อ น	a n t i p r o t o n
โ ก ร พ ี อ ั ส ,	g r o p i u s ,
โ ก ย า	g o y a
แ บ ร ึ ก	b a e r g
ว ิ ต โ ค ม	w h i t c o m b e
โ ป ร ว ิ เ ด น ซ ์	p r o v i d e n c e
เ ช ็ ก โ ก ส โ ล ว ะ เ ก ี ย	c z e c h o s l o v a k i a
ส โ น ว ์ บ อ ล	s n o w b a l l
เ ด โ ร ช ี เ อ ิ ร ์ ส	d e s r o s i e r s
อ อ ร ์ ก า โ น ฟ อ ส เ ฟ ต	o r g a n o p h o s p h a t e s
ไ น โ ร บ ี	n a i r o b i
แ ช โ ด ว ์	s h a d o w
แ ฮ ง ค ิ ้ น	h a n k i n
แ ว ส เ ค ิ ้ น	v a s k e n
ไ ด โ บ ล ด ์	d i e b o l d
โ ร ด ิ ส	r o d i s
ฟ ุ ซ ุ ม ะ เ อ ะ	f u s a m a - e
โ ด ซ ี เ อ อ ร ์	d o z i e r
โ บ ล ิ ง	b o l i n g
ด ู โ บ ส	d u b o s e
ล ุ ๊ เ ค อ ร ์	l o o k e r
ส โ น ว ์	s n o w
แ ซ น โ ต ร ิ น	s a n t o r i n
เ ม ย ์	m a y
ฟ ร ั ก โ ท ส	f r u c t o s e
ส ต ิ บ ิ โ ค ไ น ต ์	s t i b i c o n i t e
ฮ ิ ล เ ฮ ิ ่ ม	k i l h a m
โ บ ร ม เ ฮ ิ ่ ม	b r o m h a m
โ ค ว เ ท ช ั น	q u o t a t i o n
โ ก ล ด ์	g o l d
แ ร ม ซ ั น	r a n s o m
โ ก ล ด ์ ส ม ิ ท ,	g o l d s m i t h ,
โ ท บ ี ย ์ ,	t o b e y ,
จ า โ ค บ ี ้	j a c o b i
โ ก ล ด ์ เ ม ิ น	g o l d m a n
โ ก ร เ อ ช เ ช ิ ล	g r o e s c h e l
แ บ ง ค ์	b a n k
โ ป ร ต ี น	p r o t e i n
แ ก บ โ บ ร	g r a b b r o
น ิ ว โ บ ล ด ์	n e w b o l d
ก ุ โ ร ซ ิ โ ว	k u r o s i w o
เ ฮ โ ม โ ก ล บ ิ น	h e m o g l o b i n
โ บ ว ์ เ ด ิ น	b o w d e n
โ จ ร ุ ร ิ	j o r u r i
อ ะ โ ว ค า โ ด	a v o c a d o
ส โ น ว ์ ด ร อ ป	s n o w d r o p
ซ ี ท ี เ อ ็ ก ซ ์	c t x
เ ย ร ู ซ า เ ล ็ ม	j e r u s a l e m
โ ฮ บ ั น ,	h o b a n ,
เ ซ โ บ ล ด ์	s e y b o l d
โ พ ร บ ี ้	p r o b y
แ ฮ น ส ์	h a n c e
แ ก ล แ ว น อ ม ิ เ ต อ ร ์	g a l v a n o m e t e r
โ ม ซ า ร ์ ต	m o z a r t
โ ร ก ี เ อ อ ร ์	r o g i e r
เ ด ย ์ ไ ล ต ์	d a y l i g h t
เ อ อ ร ์ โ ก โ น ม ิ ก ส ์	e r g o n o m i c s
ไ ค ล แ ม ก ซ ์	c l i m a x
เ อ ก ซ ์ โ อ	x o
โ พ ส แ ต น	p o s t a n
โ จ ด ี	j o d i e
แ ก บ า ร ์ ด ี น	g a b a r d i n e
แ ล ม	l a m b e
โ ด ซ ิ ม ิ เ ต อ ร ์	d o s i m e t e r
ซ ี โ น ไ บ โ อ ต ิ ก	x e n o b i o t i c
แ พ พ ี โ น ่	p a p i n e a u
ไ ฟ จ ี ่	f y g i
ส เ ต ร ิ โ อ ส โ ค ป	s t e r e o s c o p e
แ บ น แ บ ร ี ่	b a n b u r y
ซ ี ร อ ก ซ ์	x e r o x
โ ม ซ า ร ์ ท ,	m o z a r t ,
เ ล โ ก ร	l e g r o
โ บ น ด ู เ ร ิ ่ น ต ์	b o n d u r a n t
ไ ฮ	h i
โ บ ร เ ม ิ จ	b r o m a g e
ส ต ร อ ม โ บ ล ี	s t r o m b o l i
ค อ ฟ โ น	k o v n o
อ ี แ ว น จ ี ไ ล น ์	e v a n g e l i n e
โ น แ ว ร ์ ,	n o v e r r e ,
โ บ ร ก	b r o k e
โ น บ ู ย ู ก ิ	n o b u y u k i
เ ด ย ์	d a y
ซ า โ ต ,	s a t o ,
ม อ น ต า ญ า	m o n t a n a
แ ล ง ,	l a n g e ,
ก ู ๊ แ ด ร ์	g o o d a i r
เ ก ร า ส ก อ ฟ	k r a u s k o p f
ก ั ว เ ต ม า ล า	g u a t e m a l a
ด ิ ส โ พ ร เ ซ ี ย ม	d y s p r o s i u m
แ ว ล พ ี ่	v a l p y
แ จ ส ม ิ น	j a s m i n e
แ ฮ ซ ล ิ ต ต ์	h a z l i t t
บ ั ล ด ี โ น ว ์	b a l d i n o
โ ก ล ด ์ ร ิ ง	g o l d r i n g
โ อ น ี ย ์	o l n e y
โ ร ม อ น ซ ่ า	r o m a n z a
ท ร อ ม โ บ น	t r o m b o n e
ฟ ู ร ์ ท า โ ด	f u r t a d o
น ิ ว ม อ เ น ี ย	p n e u m o n i a
โ พ ร ด ั ก ช ั น	p r o d u c t i o n
โ ฮ ก ั น	h o g a n
เ ด บ า ย	d e b y e
ไ น ต ร ิ โ ล ไ ต ร แ อ ซ ี ต ิ ก	n i t r i l o t r i a c e t i c
พ อ ด โ ซ ล ิ ก	p o d z o l i c
แ บ ง ค ว ิ ต	b a n q u e t
แ ด ว ี โ ด ้	d a v i d o w
แ ค ช	c a c h e
ก ั ม ป ร ะ โ ด	c o m p r a d o r e
โ ค โ ม โ ร	c o m o r o
โ จ น ี	j o n i
โ บ ด ิ น ไ ฮ ม	b o d e n h e i m
โ ร ม ิ โ อ	r o m e o
โ พ ร ท ี โ อ ไ ล ซ ิ ส	p r o t e o l y s i s
ไ ซ	x i
โ พ ร แ ค ร ิ โ อ ต	p r o k a r y o t e
เ ค ซ ิ น	k a z i n
แ ฮ ง ก ส ์ ,	h a n k s ,
โ จ ว ่ า	j o v a
โ ก ล ด ์ ว อ ส เ ซ อ ร ์	g o l d w a s s e r
โ ม น า โ ก	m o n a c o
ไ ก ล โ ค เ จ โ น ไ ล ซ ิ ส	g l y c o g e n o l y s i s
ไ ฮ โ ก ร ม ิ เ ต อ ร ์	h y g r o m e t e r
ไ ฮ โ ซ	h i - s o
โ จ แ ฮ น เ ซ ิ ่ น	j o h a n s e n
โ บ ร อ น	b o r o n
โ บ ร ไ ม ด ์	b r o m i d e
โ พ ร โ ม เ ต อ ร ์	p r o m o t e r
ไ ค โ อ ว า	k i o w a
โ อ โ ซ ไ น เ ซ ช ั น	o z o n i s a t i o n
โ จ น ส ์ ,	j o n e s ,
โ ม บ ี ล	m o b i l e
แ ฮ ส โ บ ร	h a s b r o
แ ฟ ง อ ิ ต	f a n g e t
ป ่ า ม ี ร ์	p a r m i r s
ไ ด โ อ แ ฟ น ไ ท น ์	d i o p h a n t i n e
บ ี เ อ ็ น อ า ร ์	b n r
โ ร ว ์ แ ล น ส ั น	r o w l a n d s o n
เ ย ซ ู	j e s u s
โ ซ ไ ฟ อ า	s o p h i a
แ ล ง	l a n g
แ ย น เ ด ิ ล	y a n d l e
โ ร ด ร ี โ ก ้	r o d r i g o
แ ห ม ่ ม	m a ' a m
โ บ น ซ ิ ก น อ ร ี ่	b o n s i g n o r e
โ ฟ ล ว ์	f l o w
โ ม ส โ ก โ ซ ่	m o s c o s o
โ ย ล เ ด ี ย ร ์	y o l d i a
ซ ิ ส เ ว ส เ ต อ ร ์	s y l v e s t e r
แ ว ง เ ก ล	w a n k e l
แ ซ น โ ท ส	s a n t o s
โ ว ก ส ์	v o k e s
แ พ ง ก ์ เ ฮ ิ ร ์ ส ต	p a n k h u r s t
ส โ ท แ ค ส ต ิ ก	s t o c h a s t i c
โ บ น ี ่	b o n i
แ ซ ง ค ร อ ฟ ต ์	s a n c r o f t
บ ิ ว ล ่ า	b e u l a h
ส เ ป ก โ ท ร ส โ ค ป	s p e c t r o s c o p e
เ ฟ ย ์	f a y
ไ ค ร ค อ ย ด ์	c r i c o i d
โ ม ล ์ เ ต อ ร ์	m o l t e r
โ ก ต	c o t e
แ พ ง ก ์	p a n k
ไ ฮ โ ก ร ก ร า ฟ	h y g r o g r a p h
ไ น โ ต ร ก ล ี เ ซ อ ร ิ น	n i t r o g l y c e r i n e
โ ค แ ก น	c o g a n
พ ั ฟ โ ล ว า ,	p a v i o v a ,
อ ะ โ ด บ ี	a d o b e
โ บ ร ม ี น	b r o m i n e
โ ม แ ฮ ร ์	m o h a i r
แ ม ฮ า น ี ่	m a h o n y
โ พ ว ี ย ์	p o v e y
ซ ี โ ด ว ์	s y d o w
โ ม ล ุ ก ก ะ	m o l u c c a
เ ม น โ ด ซ ่ า	m e n d o z a
เ จ ย ์	j a y
แ อ น ต ิ โ ม น ี	a n t i m o n y
เ ม ง เ ก ิ ล ส ์	m a n g e l s
อ ุ ไ ม ย ะ ห ์	u m a y y a h
ม ิ ล ล ิ แ ก น	m i l l i k a n
แ ล ง ล ี ่ ย ์	l a n g l e y
แ ล ง ม ู เ ร ี ย	l a n g m u i r
โ ม บ ล ี ่	m o b l e y
แ บ ง เ จ อ ร ์	b a n g e r
โ ก ร ว	g r o w
ก ั ว ร า ช ่ า	g u a r a c h a
แ ล ็ ป พ ิ ่ น	l a p i n
แ ด ฟ น ี	d a p h n e
โ บ ส ์ เ ม ิ น	b o z e m a n
ไ จ ฟ ์	j i v e
เ อ ็ ม เ อ ส	m s
แ ล ง บ ร ิ จ	l a n g b r i d g e
แ ว น เ ฮ อ เ ล ิ ่ น	v a n h o l l e n
แ ล พ ส ์	l a p s e
เ ว ก	v a g u e
แ ว ล	v a l
เ ม ย ์ แ บ ร ี ่	m a y b u r y
โ ป ร ล ็ อ ก	p r o l o g
แ ม ง ก า น ิ น	m a n g a n i n
ก ั ว ก า เ ม ล า	g u a g a m e l a
โ ก ล ด ์ แ ฮ ม เ ม อ ร ์	g o l d h a m m e r
อ า ร ์ เ อ ช อ า ร ์	r h r
ไ บ ป ร ึ ซ ึ ม	b i p r i s m
โ จ น ส ์	j o n e s
ค ร ิ ป โ ท ซ ู น	c r y p t o z o o n
ส แ ต ็ ท ไ ค ล ด ์	s t r a t h c l y d e
โ ฟ ล เ อ ็ ม	p h l o e m
โ ก ร ต	g r o a t
ไ ค ร ส ์	k r y s
แ ว น	v a n
แ ว น ด ิ ก	v a n d y c k
โ ว ท า ว ่ า	v o t a v a
ไ ค ร น อ ย ด ์	c r i n o i d
โ ร ส แ ค ร น ส ์	r o s e c r a n s
ไ ค ร ซ ิ ส	c r i s i s
โ ฟ โ ต ส แ ต ต	p h o t o s t a t
โ ร เ ช	r o g e t
ไ ด น ่ า	d i n a h
ล า ซ า น ญ า	l a s a g n a
โ บ ร	b r o
แ ก ง ก า ร ู	k a n g a r o o
โ อ โ ซ เ น ช ั น	o z o n a t i o n
โ ค บ อ ล ไ ท ต ์	c o b a l t i t e
โ บ ร ค อ ว ์	b r o k a w
ไ ว โ อ เ ล ต	v i o l e t
เ อ ส เ อ ็ น อ า ร ์	s n r
แ น ห ์ ม	n a h m
เ อ ส ด ี เ อ ็ น อ า ร ์	s d n r
ย ู แ บ ง ก ์ ส	e u b a n k s
ไ ด น า โ ม	d y n a m o
ด ี เ อ ็ น อ า ร ์	d n r
โ พ ร โ ท พ ล า ส ต ์	p r o t o p l a s t
โ ท ร ค ี	t r o c h e e
โ บ โ ฮ ร อ ก	b o h o r o k
โ ก ล ด ์ ไ ฟ น ์	g o l d f i n e
ไ ฮ โ ก ร แ ก ร ม	h y g r o g r a m
โ ท ร ค อ ย ด ์	t r o c h o i d
โ ก ล ิ ก	g o l e c
ก า โ น	g a n o
โ ม น า ไ ซ ต ์	m o n a z i t e
โ ค ล	c h l o e
โ พ ส ต ์ ม า ส เ ต อ ร ์	p o s t m a s t e r
โ ม ด ี ้	m o d y
ไ น โ ต ร จ ิ น ั ส	n i t r o g e n o u s
ไ จ ล ึ ส	g y l e s
โ พ ร ล ิ เ ฟ อ เ ร ช ั น	p r o l i f e r a t i o n
ส ิ ง ค โ ป ร ์	s i n g a p o r e
โ ค ไ พ โ ร ไ ล ซ ิ ส	c o - p y r o l y s i s
เ ม จ ิ ด	m e j i d
โ น ฟ	n o v e
น ิ ม โ บ ส เ ต ร ต ั ส	n i m b o s t r a t u s
โ ก ล ส ์	g o l e s
แ ม ง เ ก ิ ่ ม	m a n g h a m
ล ะ ต ิ จ ู ด	l a t i t u d e s
ไ บ ว อ เ ต อ ร ์	b y w a t e r
โ ร โ ด ไ ล ต ์	r h o d o l i t e
โ ก ร ล	g r o e l
เ ม ง ิ ต	m a n g e t
ก ร ี น แ บ ง ก ์	g r e e n b a n k
เ อ ็ ก ซ ์	x
แ ม ง ค ิ ้ น	m a n k i n
โ พ ส โ ต ว ์	p o s t o w
โ บ น ี ย ์	b o n e y
โ บ โ ฮ ล	b o h o l
โ พ ร เ ซ ส เ ซ อ ร ์	p r o c e s s o r
แ ว น ว ิ ก	v a n w y c k
แ ท ง โ ก	t a n g o
โ จ ช ั ว	j o s h u a
โ ก ร ส ซ ์ ,	g r o s z ,
โ บ ว ์ ด ิ ช	b o w d i t c h
โ ก ล บ ั ล	g l o b a l
ช ี อ า โ น	c i a n o
โ ย ล ์ ก	y o l k
ไ ซ ม ์	s y m e
พ ั ว ร ์	p o o r
โ น ว า ร ์	n o v a r
โ บ ก า จ	b a c a g e
ไ บ โ อ ไ ท ต ์	b i o i t e
โ ก ล ด ์ ส เ บ อ โ ร	g o l d s b o r o u g h
ไ ว ช	w y c h e
ค ร ี โ อ โ ซ ต	c r e o s o t e
พ ี เ อ ็ ม อ า ร ์	p m r
แ ล ง ค า ส เ ต อ ร ์	l a n c a s t e r
ไ ฮ โ พ ท อ น ิ ก	h y p o t o n i c
โ ร บ ี น ่ า	r o b e n a
แ ม น จ ู เ ร ี ย	m a n c h u r i a
โ พ ร เ ค ิ ป	p r o k o p
โ ฟ ร ์ แ ม น	f o r e m a n
แ ล ม โ บ ร	l a m b r o
ร ู ด อ ล ฟ ์	r u d o l p h
ฮ อ ร ์ น โ บ ล	h o r n b l o w
โ พ ร เ ก ร ส ซ ี ฟ	p r o g r e s s i v e
เ ฮ ย ์ ว ู ด	h a y w o o d
โ ค ว ั ก	k o v a c h
แ ฟ ง ก ์ เ ฮ า เ ซ อ ร ์	f a n k h a u s e r
โ ค บ	k o b e
โ น โ ว ต น า ,	n o v o t n a ,
ฮ ิ น ต ์	h i n t z
โ บ	b o
โ ก ร เ ว อ ร ์	g r o v e r
โ ค	c o
แ ว น เ ด อ ร ์ เ ว ล ด ์	v a n d e r v e l d e
ไ ฟ ฟ ์	f y f e
ไ ค ร เ ม ี ย	c r i m e a
โ พ ร แ ท ร ก เ ต อ ร ์	p r o t r a c t o r
โ พ ร ท ิ ส ต ์	p r o t i s t s
โ น แ ว ็ ก	n o w a k
เ ม บ ี ้	m a b y
แ อ ม โ บ ร	a m b r o
เ ค ย ์	k a y
ก า แ ล ็ ก โ ท ส	g a l a c t o s e
ไ ด โ ม ส	d i m o s
โ ย ฮ ั น เ น ส	j o h a n n e s
แ ว น ู ส เ ต อ ร ์ เ อ า ต ์	v a n o o s t e r h o u t
แ ก ล แ ว น ิ ก	g a l v a n i c
เ อ ็ น อ า ร ์	n r
ไ ค ว ร ์	c h o i r
โ ก ล บ ิ เ ก อ ร ิ น า	g l o b i g e r i n a
ล ู โ ค ซ ี น	l e c o x e n e
ไ ฮ โ พ เ ซ ี ย	h y p o x i a
ว ั ล บ ี	w i l b y e
โ ฮ โ ม เ ซ ก ช ว ล	h o m o s e x u a l
เ บ โ ด ้	b a d o
เ อ ส เ อ ็ น ย ู อ า ร ์	s n u r
ซ ี ญ อ ร า	s e n o r a
โ บ ด ิ น	b o d i n
โ ช เ ฟ อ ร ์	c h a u f f e u r
โ ก ร ล ี เ ย อ ร ์	g r o l i e r
โ ค บ ร า	c o b r a
อ ะ โ ก โ ก	a g o g o
แ ซ ง โ ก	s a n k o
แ ว น ว ุ ร ์ ส ต	v a n v o o r s t
โ ท ร โ ค ฟ อ ร ์	t r o c h o p h o r e
ส แ ต ร ด โ บ ร ก	s t r a d b r o k e
ไ พ ร ์ อ ะ โ น ม ิ เ ต อ ร ์	p y r a n o m e t e r
แ อ ม บ ล ิ โ ก ไ น ต ์	a m b l y g o n i t e
แ ว ล เ ล ิ ่ น ส ์	v a l l a n c e
แ จ ว ิ ต ส ์	j a v i t s
โ ค ร ู น า	k o r u n a
แ ว ร ี เ อ ิ น	v a r i a n
แ อ ท โ บ ร ซ ี โ อ ้	a m b r o s i o
โ ย เ ซ ฟ	j o s e f
โ ร ด ี โ น ่	r o d i n o
ว ุ ล ค า โ น	v u l c a n o
โ ก ด ั ล ฟ ิ น	g o d o l p h i n
เ ม ิ ่ ก แ ม น	m a c m a h o n
โ จ น ่ า ห ์	j o n a h
เ บ ร	b r a i s
แ ว น เ ด อ ร ์ เ ว ี ย ร ์	v a n d e r v e e r
เ ด ท บ า ร ์ ต	d e m b a r t
อ อ ร ์ ก า โ น ฟ ิ ล ิ ค	o r g a n o p h y l l i c
เ ม ้ า ท ์ ท ู เ ม ้ า ท ์	m o u t h - t o - m o u t h
โ ร บ	r o b e
ไ บ โ อ ม ิ ไ ค ร ต ์	b i o m i c r i t e
ส ค อ น ส ์	s c o n c e
โ บ ด ี ้	b o d i e
โ ด บ ี ้	d o b y
โ บ ร โ ม ฟ อ ร ์ ม	b r o m o f r o m
โ ซ ว ์	s e w
โ บ ว ์ แ ม น	b o w m a n
เ ฮ โ บ ล ด ์	h e r b o l d
เ ฮ ย ์	h a y
ซ ั ล ล ิ แ ว น ,	s u l l i v a n ,
แ ค ม โ ร ส	c a m r o s e
โ บ ร เ ว ิ ร ์ ด	b r o w a r d
เ ก ส ต า โ ป	g e s t a p o
แ ม ง ก า ไ น ต ์	m a n g a n i t e
โ ฮ ว ิ ่ ง	h o v i n g
โ ฟ ร ล ิ ก	f r o h l i c h
น ิ ว ไ ค ล ด ์	n u c l i d e
ไ ค ล โ น ซ อ ย ไ ซ ต ์	c l i n o z o i s i t e
แ อ ม โ ม ไ น ต ์	a m m o n i t e
เ ค ล ว ิ น - เ ฮ ล ์ ม โ ฮ ล ซ ์	k e l v i n - h e l m h o l t z
อ ะ โ ก น ิ ก	a g o n i c
เ ค ซ ี ่	k a z y
เ อ ็ ม พ ี เ อ ็ น	m p n
โ ก ล เ ด อ ร ์	g o l d e r
โ ร ล ์ ฟ	r o l f
แ ล ส โ ค	l a s k o
ค า โ พ น	c a p o n e
แ บ ง ก ์ ส เ ต ิ ้ น	b a n k s t o n
โ ด ป	d o p e
โ ป ต ี	p o t i
บ ร า ฮ า	b l a h a
อ า ต ี ้	a h t i
ไ ค ล ฟ ์	c l i v e
ก ล อ โ ค ไ น ต ์	g l a u c o n i t e
แ ว น เ ม ิ ่ น	v a n m o l
ไ ฮ โ ก ร ส โ ค ป	h y g r o s c o p e
โ ด โ ล ส โ ต น	d o l o s t o n e
โ ด ม ิ โ น	d o n i m o
ต า โ ฟ น ี	t a f o n i
ไ ฮ โ พ ค า ร ์ ป	h y p o c a r p
เ ม ด เ ว ย ์	m e d w a y
ม ั ล ม ึ ส แ บ ร ี ่	m a l m e s b u r y
โ บ ล ี เ ท อ	b o l i t h o
โ ร ม ,	r o m e ,
ย ู แ บ ง ก ์	e u b a n k
แ จ ก ส ์	j a q u e s
ไ ท ฟ อ ย ด ์	t y p h o i d
โ พ ร บ	p r o b e
โ พ ไ ซ ด อ น	p o s e i d o n
ว ุ ล เ ฟ ิ ร ์ ต	w o l f e r t
แ ม ง ค ิ ว ิ ต ส ์	m a n k i e w i c z
โ ม ร า เ ว ี ย ,	m o r a v i a ,
ไ ฟ โ บ ร ต ิ ก	f i b r o t i c
ไ ซ ร อ ส	s y r o s
แ ล ง เ ว อ ร ์ ท ี ่	l a n g w o r t h y
แ ซ น ท ั ส	x a n t h u s
แ ค พ ร ี โ อ ้	c a p r i o
ห ล ุ ย ์ ส ,	l o u i s ,
น อ ร ์ ท โ ค ต	n o r t h c o t e
โ ป ร ต ุ เ ก ส	p o r t u g a l
โ บ ร ว ์ เ ด อ ร ์	b r o w d e r
บ ี เ อ ็ ม เ อ ็ ก ซ ์	b m x
ม ู โ น ส	m u n o z
อ อ ร ิ ก า โ น	o r e g a n o
พ ี อ า ร ์ อ า ร ์	p r r
แ ม ม โ บ	m a m b o
แ น ก ซ อ ส	n a x o s
โ ป ล	p o l e
แ ว น ฮ อ อ ู เ ต ิ ้ น	v a n h o u t e n
โ พ ร โ ท แ อ ก ท ิ เ น ี ย ม	p r o t o a c t i n i u m
( โ บ แ จ ง เ ก ิ ล ส ์ )	( b o j a n g l e s )
เ ค อ ร ์ โ ท ซ ิ ส	k u r t o s i s
โ พ ป ,	p o p e ,
โ ท น ี	t o n y
โ ท น ี	t o n i
แ ซ ม ม ี	s a n m y
โ ก ก อ ล	g o g o l
โ พ ร ว ิ น ซ ์	p r o v i n c e
ล า ร ็ อ ก	l a r o c q u e
โ ก ล ด ์ ม า ร ์ ก	g o l d m a r k
แ อ น ต ิ โ พ แ ด ล	a n t i p o d a l
โ บ ร ค า	b r o c a
โ ค โ ค น ั ต	c o c o n u t
เ ม โ ด ว ส ์	m e a d o w s
โ พ ร เ ฟ ส ช ั น น อ ล	p r o f e s s i o n a l
เ อ ก ซ ์ แ อ ล	x l
เ อ ส ป ิ ญ า ล	e s p i n a l
ไ น โ ต ร ฟ ี น อ ล	n i t r o p h e n o l s
แ ว น พ ร า ก	v a n p r a a g h
แ อ น ไ ฮ ไ ด ร ต ์	a n h y d r i t e
ฮ อ โ ด ก ร า ฟ	h o d o g r a p h
โ ก ล ด ิ ง ,	g o l d i n g ,
โ บ ล ์ ต	b o l t e
แ ท ร ด ล ์ เ ค ล ด ์	t h r e l k e l d
พ ี เ อ ็ ม เ อ	p . m . a .
โ น ล ด ์	n o l d e
โ พ ส ต ์	p o s t
เ อ ็ น จ า เ ม น า	n d j a m e n a
แ ด โ ฟ	d a f o e
โ บ ก า ร ์ ต	b o g a r t
โ บ ว ั ว ร ์ ,	b e a u v o i r ,
โ ว ล เ ป อ ร ์	w o l p e r
โ พ ส เ ต อ ร ์	p o s t e r
โ ก ร เ ก ิ ่ น	g r o g a n
ร ิ ส โ ต ้	r i s t o w
เ อ อ ร ์ บ า โ น	u r b a n o
แ ว น ซ า น เ ต ิ ้ น	v a n s a n t e n
อ ั ล ต ร า ไ ว โ อ เ ล ต	u l t r a v i o l e t
โ ฮ ส	h o s t
แ ว น บ ิ ว เ ร ิ ่ น	v a n b u r e n
โ ม น ี ร า	m o n e r a
บ า ย	b y e
โ ว ก ต ์	v o g t
ย ู โ ฟ	u f o
โ ค ไ ซ ส ม ิ ก	c o s e i s m i c
ค า น ธ ี ,	g a n d h i ,
แ ด ซ ซ ล ิ ง	d a z z l i n g
ม า น ู โ ม ม ิ เ ต อ ร ์	m a n u m o m e t e r
ก ั ม พ ู ช า	c a m b o d i a
โ บ ว ์ เ ค อ ร ์	b o w k e r
โ ก ล ด า	g o l d a
ย า ม ุ ส ซ ุ โ ก ร	y a m o u s s o u k r o
เ พ ช	p e s c h
เ ร ด ิ โ อ ส โ ค ป	r a d i o s c o p e
โ บ ล ส เ ต อ ร ์	b o l s t e r
ค า ซ ิ ม โ บ	c a c i m b o
แ จ น	j a n
ไ บ แ อ ส	b i a s
ม ั ส โ ค ไ ว ต ์	m u s c o v i t e
โ ม ย า	m o y a
ห ล ุ ย ส ์	l o u i s
โ ม ร ี ย า ก ,	m u r i a c ,
เ ฮ ย ์ ก ู ๊ ด	h a y g o o d
แ อ น แ ท ร ก ซ ์	a n t h r a x
เ ซ จ ว ิ ก	s e d g w i c k
ส โ ป ร ล ์ ส	s p r o l e s
ซ ี เ อ ็ น เ อ ็ น	c n n
โ ร บ ี ้	r o b i e
โ น ว า เ ร ซ ี ่	n o v a r e s e
โ ม ห ์ ส ์	m o h s
โ น ก อ เ ล ส	n o g a l e s
เ ด ก	d e q u e
ฟ ล ู อ ิ ด ไ ด ซ ์	f l u i d i z e d
ฮ ิ ว อ ื ช	h u i s h
ป อ ร ์ โ ต - โ น โ ว	p o r t o - n o v o
โ ก ร ส	g r o c e
น ิ ว เ ม ต ิ ก	p n e u m a t i c
ท อ ม ั ส	t h o m n s
โ พ ร โ ท ค อ ล	p r o t o c o l
ไ ม แ ช ก ้ า	m i c h a l k a
ไ ฮ โ พ ไ ซ ค ล อ ย ด ์	h y p o c y c l o i d
ไ จ โ ร ส โ ค ป	g y r o s c o p e
โ ค ม ส ์	c o m b s
เ ด	d e
โ ค โ บ	c o b o
แ ค ง เ ก ิ ส	k a n g a s
แ ฮ ม โ บ ร	h a m b r o
ไ ค ล เ ม อ ร ์	c l y m e r
ไ ด พ ์ เ ท อ แ ร น	d i p t e r a n s
เ ท อ ร ิ โ ก แ ม น ด ิ บ ู ล า ร ์	p t e r y g o m a n d i b u l a r
ไ ฮ โ ป ค ล อ ไ ร ต ์	h y p o c h l o r i t e
ซ ี แ อ ล ย ู	c . l . u .
โ บ ล เ จ อ ร ์	b o l g e r
แ พ น ท ิ โ ฮ ส	p a n t i h o s e
โ ก ว ิ น ด ์	g o v i n d
น ิ ว ค ล ี โ อ โ ป ร ต ี น	n u c l e o p r o t e i n
แ ว น ด ู เ ซ ิ ่ น	v a n d u s e n
โ อ โ ด ก ร า ฟ	o d o g r a p h
ไ ซ โ ก ม า ต า	z y g o m a t a
โ พ ร โ ท ซ ั ว	p r o t o z o a
โ ร ม า น อ ฟ	r o m a n o v
อ า ร ์ เ อ ็ น เ อ	r n a
แ น ช	n a s h e
โ บ ล ซ ์ แ ม น	b o l t z m a n n
ไ ว โ อ ล ิ น	v i o l i n
ค า ร ์ บ อ น า โ ด	c a r b o n a d o
แ ว น ส ์	v a n s
เ ซ ก ซ แ ต น ต ์	s e x t a n t
ไ ค โ ร	c a i r o
ไ ด โ ค ต ิ ก	d i c h o t i c
จ ั ม โ บ	j u m b o
โ ป ร เ ท โ ร โ ซ อ ิ ก	p r o t e r o z o i c
โ ฟ น เ ท ส	f o n t e s
ไ ว ไ ฟ	w i - f i
เ ซ ฟ า โ ล พ อ ด	c a p h a l o p o d
ส ต ็ อ ก โ บ ร เ ค อ ร ์	s t o c k b r o k e r
โ ก ล ด ์ ฟ า ร ์ บ	g o l d f a r b
เ ย ซ ู อ ิ ต	j e s u i t
โ ม น โ จ	m o n j o
เ ฟ ล ็ ต โ ท	f l a t o w
ไ บ	b i
เ อ ็ ก ซ ิ ม แ บ ง ก ์	e x i m b a n k
แ ย น น ิ ก	y a n n i c k
โ ก โ น เ ร ี ย	g o n o r r h e a
ห ล ุ ย ส ์	l o u i s e
ไ ฮ บ ร ิ ด	h y b i r d
บ ิ ส โ พ	b i s p o
โ ก ล ด ์ ฮ ็ อ ก	g o l d h a w k
ฮ อ ม อ โ ท ป ี	h o m o t o p y
เ อ โ ซ น ั ล	a z o n a l
เ ว ย ์ ล ิ ต	w a y l e t t
แ ค บ า เ ร ต ์	c a b a r e t
โ ป ล ิ โ อ	p o l i o
ไ ล โ ฟ	l i f o
ล ู โ ด	l u d o
โ บ ร ช ั ว ร ์	b r o c h u r e
ไ ซ ม ึ ส	s y m e s
ฮ า เ ซ น ว ิ ล เ ล ี ย ม ส ์	็ h a z e n - w i l l i a m
โ ก ล ส	g l o s
แ ซ น โ ด	s a n d o
โ ว ล น ี ย ์	v o l n e y
โ ร ห ์ เ ม อ ร ์	r o h m e r
เ ด ห ์ น	d e h n
โ ล โ ซ	l o s o
ไ ค ล โ น เ ม ต ร	c l i n o m e t e r
โ ร ป	r o p e
ป อ ร ์ โ ต แ ป ร ง ซ ์	p o r t - a u - p r i n c e
โ บ น ั น โ น	b o n a n n o
ไ น ล ์	n i a l l
ส โ ป โ ร ซ ั ว	s p o r o z o a
ซ ี ด ี อ า ร ์ ด ั บ เ บ ิ ล ย ู	c d - r w
ด ี ค ิ ว โ อ	d q o s
บ ั ง ก ล า เ ท ศ	b a n g l a d e s h
เ พ ็ ม โ บ ร ก	p e m b r o k e
ป ู โ ซ ,	p u z o ,
เ ค อ ร ์ ก ิ ส ถ า น	k y r g y z s t a n
โ ฟ โ ต แ ก ร ม เ ม ต ร ี	p h o t o g r a m m e t r y
ไ ฮ โ พ ล ิ ม เ น ี ย น	h y p o l i m n i o n
เ ฟ โ ร โ ม น	p h e r o m o n e
ไ บ พ ิ น	b i p i n
โ ฮ โ ล ค า ส ต ์	h o l o k a r s t
เ ย า เ บ ิ ร ์ ต	j o u b e r t
ไ ม ส ์	m i z e
โ บ ล า โ ด ้	b o l a d o
บ ู แ ต น	b o u t i n
ม า ล า โ ย โ พ ล ิ น ี ช ี ย น	m y l a y o p o l y n e s i a n
แ ว น เ ค ล ิ ฟ	v a n c l e a v e
โ บ ล เ ด น ,	b o l d e n ,
ร อ ม โ บ ฮ ี ด ร ั ล	r h o m b o h e d r a l
ค อ ม โ พ ไ ซ ต ์	c o m p o s i t e
ก ั ว ด า ล ู ป	g u a d a l u p e
โ อ ค ส ไ ต น ์	h o c h s t e i n
โ ฮ บ า ร ์ ต	h o b a r t
ด ั บ เ บ ิ ล ย ู .	w .
ไ ด โ อ แ ฟ น ท ั ส	d i o p h a n t u s
เ ป ี ย ง ย า ง	p y o n g y a n g
แ ว น เ บ ร อ	v a n b r u g h
ท ี โ อ โ ด ไ ล ต ์	t h e o d o l i t e
โ ก ล ด ์ เ ม ิ ่ น	g o l d m a n n
โ ม ด ี น า	m o d e n a
โ ร ส โ น	r o s e n a u
แ ว น เ ด อ ร ์ บ ิ ล ต ์	v a n d e r b i l t
แ ร บ ไ บ	r a b b i
บ ร ี เ ม อ โ ล ่	b r i m e l o w
ไ อ โ ซ โ ท น	i s o t o n e
เ อ จ ี พ ี	a . g . p .
ก ู ๊ เ ด ิ ่ น	g o o d e n
แ พ น โ ท ก ร า ฟ	p a n t o g r a p h
โ ก ไ ล ท ์ ล ี ่	g o l i g h t l y
โ ก โ ก ้	c o c o a
ก ู ๊ เ ด ล	g o o d a l e
โ ป ส ต ์ ก า ร ์ ด	p o s t c a r d
ช ี ด ,	g i d e ,
โ ก ล บ ้ า	k o l b a
โ ร บ ี ส ั น	r o b e s o n
ไ ด แ อ ส พ อ ร ์	d i a s p o r e
โ ฮ ก า ร ์ ท ,	h o g a r t h ,
โ ค ว ต	q u o t e
ย ู เ อ ็ น	u . n .
โ พ ล ฮ ี เ ม ิ ส	p o l h e m u s
เ ม ก ะ โ ป ร เ จ ก ต ์	m e g a p r o j e c t
ไ ค ร โ อ ไ ล ต ์	c r y o l i t e
โ อ ล เ บ ิ ร ์ ก	h o l b e r g
โ ว ล ์ เ ค ิ ต	w o l c o t t
ส ป อ โ ด ซ อ ล ส ์	s p o d o s o l s
ค อ น ญ ั ก	c o g n a c
แ จ น ส ์	j a n z
แ ว น เ ด อ ร ์ เ บ ิ ร ์ ก	v a n d e r b u r g h
ซ ี น อ น	x e n o n
เ ด ล ึ ก	d a l k e
แ ว น น ์	v a n n
โ ก ล ่ า	g o l a
โ ก ล ด ์ เ บ ล ิ ต ต ์	g o l d b l a t t
โ ฟ ล	f l o
ไ จ ไ ม น ี ่	j i m i n y
ซ ั ล ล ิ แ ว น	s u l l i v a n
แ พ ง บ อ ร ์ น	p a n g b o r n
เ ซ ็ ก โ ค ม	s e c c o m b e
โ บ น ิ ล ล า	b o n i l l a
อ โ ก	a g o
น ิ ก า ร า ก ั ว	n i c a r a g u a
เ ว ร า โ น	v e r a n o
โ บ ร า	b o r a
ไ ต ร เ ซ บ	t r i c e p s
บ า โ ต	b a t o
ส โ ค ว ์ ค ร อ ฟ ต ์	s c o w c r o f t
ไ ว ม า ร ์ ก	w y m a r k
อ ั ฟ ก า น ิ ส ถ า น	a f g a n i s t a n
บ า ร ์ โ ต ้	b a r t o w
ส ป ร ู เ อ ิ น ส ์	s p r u a n c e
ล ิ เ บ ช โ ช	l i b e c c i o
ก า ฐ ม า ณ ฑ ุ	k a t h m a n d u
แ ว ม ไ พ ร ์	v a m p i r e
แ อ น โ ท โ ซ แ อ น	a n t h o z o a n
โ ฮ ซ ี ่	h o s i e
โ จ อ า ค ิ ม	j o a c h i m
โ บ ล ด ิ ่ ง	b o l d i n g
แ ช น ส ์	c h a n c e
ซ า ม ั ว	s a m o a
ไ อ โ ซ โ ท ป	i s o t o p e
แ ย น ต ์	y a n t
โ ป ล ิ โ ค น ิ ก	p o l y c o n i c
ช อ ย ล ์ เ น อ ร ์	f e u l n e r
ไ ฮ แ จ ็ ก	h i j a c k
เ ฮ ก โ ซ ด	h e x o d e
ไ ม โ ค ร โ พ ร เ ซ ส เ ซ อ ร ์	m i c r o p r o c e s s o r
เ อ ็ น เ อ ็ ม อ า ร ์	n m r
ฝ า ห ั ว	f a - h u a
จ อ โ ก ด ้ า	j a g o d a
ไ อ บ ์	e i b
โ พ ร ว ี น ี ่	p r o v i n e
เ พ ย ์	p a y
โ ก ล ด ์ เ ด ิ น	g o l d e n
ไ ว แ ค ร ี ่	v i c a r y
แ ว น เ ด อ ร ์ ฮ ู ฟ	v a n d e r h o o f
ไ อ โ ว น	i v o n e
เ ด ช ี เ ม ิ ส	d e c i m u s
โ ฟ ล แ บ ร ์ ,	f l a u b e r t ,
โ ฟ ล โ ก ไ พ ต ์	p h l o g o p i t e
โ ซ น ั ล	z o n a l
น า โ น	n a n o
ไ บ ร โ อ ไ ฟ ต ์	b r y o p h y t e
โ พ ร ไ ฟ ล ์	p r o f i l e
ไ อ แ อ ล ย ู	i . l . u .
แ อ น ต ิ ไ ซ โ ค ล น	a n t i c y c l o n e
แ ว น อ ร ์ เ ม ิ ่ น	v a n o r m a n
แ ม ง เ ก ิ ้ น	m a n g u n
เ ล อ เ บ ก	l e b e s g u e s
โ พ ป	p o p e
โ บ ฟ ิ ง เ ง อ ร ์	b o f i n g e r
แ ว ค ิ ว โ อ ล	v a c u o l e
โ บ น ั น ซ า	b o n a n z a
เ ท อ ร ิ โ ก แ ม ก ซ ิ ล ล า	p t e r y g o m a x i l l a r y
แ ด ว ี ่	d a v e e
โ ค บ อ ล ต ์	c o b a l t
โ ค ห ์ น	c o h n
อ า ร ์ เ อ ส เ อ ฟ	r s f
ไ ด โ พ ล	d i p o l e
ไ ซ ฟ อ น	s y p h o n
ต ี เ อ โ ป โ ล ,	t i e p o l o ,
ไ ค ล ด ์	c l y d e
ก ั ว เ ด อ ล ู ป	g u a d e l o u p e
โ ย โ ย	y o y o
โ บ ล ล ์	b o l l
ฮ ิ ส โ ท ซ อ ล ส ์	h i s t o s o l s
โ ป ร แ ก ร ม เ ม อ ร ์	p r o g r a m m e r
โ ก ฟ อ ร ์ ท	g o f o r t h
แ ว น เ ด ิ ่ น เ บ ิ ร ์ ก	v a n d e n b e r g
โ บ โ ล น ญ า	b o l o g n a
โ ซ ร ั ่ ม	s o r u m
แ ว น ท ิ ล เ บ ิ ร ์ ก	v a n t i l b u r g
โ ร ช	r o c h e
อ ็ อ ด โ ช อ ้ า	o c h o a
โ จ ด ี	j o d y
ไ ฟ น ์ ไ ด ส ์	f i n d e i s
ซ ี โ น ไ ท ม ์	x e n o t i m e
อ โ ป ด า ค ่ า	a p o d a c a
แ ล ง แ ค เ ช ี ย ร ์	l a n c a s h i r e
เ ม ย ์ ฟ ิ ล ด ์	m a y f i e l d
บ า ม า โ ก	b a m a k o
แ ว น ซ ์	v a n c e
ท ี เ บ อ โ ด	t h i b o d a u x
ไ ค ร โ อ ไ ฮ เ ด ร ต	c r y o h y d r a t e
เ น ป จ ู น	n e p t u n e
โ ก ร ฟ เ น อ ร ์	g r o s v e n o r
ไ บ โ อ ไ ท ป ์	b i o t y p e
แ อ ล ะ โ ม	a l a m o
ล ิ น โ ด ้	l i n d o w
โ ว ล ป ี ้	w o l p e
ว ู ล ี เ ม ิ ่ น	s u l i m a n
โ ท ล ู อ ิ ด ี น	t o l u i d i n e
โ ม ฮ อ ก	m o h a w k
ก ู ๊ ด บ า ย	g o o d b y e
ไ ซ โ ค ล ซ ิ ส	c y c l o s i s
เ ล โ ก ร ส	l e g r o s
ค า ซ า ค ส ถ า น	k a z a k h s t a n
ไ ฮ แ ด ร น เ ย ี ย	h y d r a n g e a s
โ ก ร ส ์	g r o s e
ไ บ บ ี ้	b y b e e
โ ส ค ร า	s o c r a
แ ว น น ี ่	v a n n i
ไ ค ล เ ท ล ล ั ม	c l i t e l l u m
โ บ ร ต ี ้	b r o d i e
โ ซ ล า	z o l a
แ ว ต	v a t
เ ฟ ป ส ์	p h e l p s
แ ว ล ว ่ า	v a l o i s
ค ว ี ล ิ ม	g w i l y m
เ ด อ ล า ก ร ั ว ,	d e l a c r o i x ,
ว ิ ส โ ค ส	v i s c o s e
โ ฟ ก ั ส	f o c a l
ฮ อ ก ไ ก โ ด	h o k k a i d o
โ อ โ ซ โ น ส เ ฟ ี ย ร ์	o z o n o s p h e r e
แ ล ม โ บ ร ส	l a m b r o s
โ ค ล ั ม โ บ	c o l o m b o
โ ก ล ด ์ ส โ ต น	g o l d s t o n e
โ บ ล เ ด โ ร ้	b o l d e r o
เ ว ย ์ น ,	w a y n e ,
เ อ ็ ม เ อ ส แ อ ล	m s l
แ ล พ ี เ ด ิ ส	l a p i d u s
ส จ ๊ ว ต	s t e w a r t
โ บ ล ์ ส	b o l s
ช ิ ล เ ล ิ ร ์ ด	s z i l a r d
ค ุ ร ุ	g u r u
เ ม ย ์ น า ร ์ ด	m a y n a r d
โ พ ร ซ ี เ จ อ ร ์	p r o c e d u r e
โ บ ว ี ย ์	b o v e y
ฟ อ ล โ ล ว ์ ท ร ู ว ์	f o l l o w - t h r o u g h
โ ด ส	d o s e
ด า เ ก ส ถ า น	d a g h e s t a n
โ ฟ ก ั ส	f o c u s
โ ร ส ว ู ด	r o s e w o o d
ด ี ด ั บ บ ล ิ ว เ อ ฟ	d w f
ค อ น แ ว น ต ์	c o n v e n t
เ ท ม โ ป ร า ล	t e m p o r a l e
พ อ ล ิ โ พ ร พ ิ ล ี น	p o l y p r o p y l e n e
โ ฮ โ ล ซ ี น	h o l o c e n e
เ ร โ พ ล เ ก ิ ล	r e p l o g l e
โ บ ร ด ี ้	b r o d y
เ อ ม โ บ ไ ล ต ์	e m b o l i t e
โ พ ร เ ฟ ส	p r o p h a s e
แ ว น ฮ อ ร ์ น	v a n h o r n
เ ก ร เ ซ อ ร ์	g l a s e r
โ น ส	n o c e
ท ั ก ซ ิ โ ด	t u x e d o
เ ซ พ ู ล เ ว ด ้ า	s e p u l v e d a
โ ว ล ท า ม ิ เ ต อ ร ์	v o l t a m e t e r
ม ั ล ต ิ โ ป ร แ ก ร ม ม ิ ง	m u l t i p r o g r a m m i n g
ไ พ โ ร ไ ล ซ ิ ส	p y r o l y s i s
โ น ค า ร ์ เ ด ี ย	n o c a r d i a
โ บ ก า ช	b o c a g e
โ บ น ส ต ิ ล	b o n e s t e e l
เ อ โ ค ล ไ จ ต ์	e c l o g i t e
เ ว โ ด ว ่ า	v e d o v a
แ จ ล ู อ ิ ต	j a l u i t
แ จ น ต ์ เ ซ ิ ่ น	j a n t z e n
แ ล ง โ ล	l a n g l o
แ ว ง ค อ ย เ ร ิ ่ น	v a n k e u r e n
โ พ ร โ ท น ี ม า	p r o t o n e m a
ม ิ ช เ ซ ิ ด	m i f s u d
น ิ ม ฟ ์	n y m p h
เ ซ ๊ น ต ์ จ ั ส ต ์	s a i n t j u s t
โ ฟ ร ์ ก ร า ว น ด ์	f o r e g r o u n d
แ บ ง ส ์	b a n g s
แ ว น เ ด อ ร ์ พ ู ล	v a n d e r p o o l
โ ฮ ว ี ส ั ้ น	h o w i s o n
เ ท อ ร ์ ม อ ไ ค ล น ์	t h e r m o c l i n e
ม อ ต ต ิ ส โ ท น	m o t t i s t o n e
โ ก ล ด ิ ส	g o l d i s
ไ ม โ ค ร ส โ ค ป	m i c r o s c o p e
โ ฟ โ ต โ ต โ ป ก ร า ฟ ี	p h o t o t o p o g r a p h y
โ บ ล ิ เ ว ี ย	b o l i v i a
แ อ ล โ ล ไ ท ป ์	a l l o t y p e
แ ช ไ พ โ ร	s c h a p i r o
ฮ ิ ป โ ป	h i p p o
แ ด ฟ โ ฟ ด ิ ล	d a f f o d i l
โ พ ร ต ั ส	p r o t a s
โ ว ส ์	v o s e
แ น น ส ์	n a n c e
โ พ ร โ ม ช ั น	p r o m o t i o n
เ อ ็ ม เ อ ็ ม ด ี	m m d
แ ฮ โ ล	h a l o w
แ ค ม เ บ ี ย ม	c a m b i u m
ไ ซ โ ค ล ก ร า ฟ	c y c l o g r a p h
อ ี ว ั น ร ู ้ ด	e v i n r u d e
เ ฮ เ ซ ง ก ้ า	h u i z e n g a
แ ซ ง ก า ม อ น	s a n g a m o n
โ พ ล า ไ ร ส ์	p o r a r i s e
โ ค ค ี น า	c o q u i n a
โ ฮ ด ส ์	h o d e s
ส เ ต ร ป โ ท ค อ ก ค ั ส	s t r e p t o c o c c u s
ไ ด อ ะ แ ฟ ร ม	d i a p h r a g m
ก ั ม โ บ	g u m b o
เ ซ ี ย ร ์ เ ก ย ์	, s e r g e i
เ จ ห ์	g e h
โ น แ ว ก ,	n o v a k ,
บ อ ย แ ว น	b o i v i n
ล ิ น แ ก ล เ ต อ ร ์	l i n k l a t e r
โ อ เ อ ็ ม อ า ร ์	o m r
ส โ ป ด	s p o d e
แ พ ง เ ค ร ิ ต ส ์	p a n k r a t z
โ บ ร เ ด ิ ร ์ ส	b r o d e r s
เ พ น โ ร ส	p e n r o s e
ล อ เ ร ิ ่ น ส ์	l a w r a n c e
โ ย ก ี ่	y o g i
โ ค บ อ ล ต ์ - ๖ ๐	c o b a l t - 6 0
ไ ฟ โ บ ร ไ ล ต ์	f i b r o l i t e
ก ั ม โ ป	c a m p o
ไ ล โ ป โ ป ร ต ี น	l i p o p r o t e i n
โ ท โ ม ก ร า ฟ	t o m o g r a p h
แ ว น แ ล ด ด ิ ง แ ฮ ม	v a n l a n d i n g h a m
โ ท บ ี	t o b y
โ ก ล ด ์ บ า ก	g o l d b a c h
น า โ บ ค อ ฟ	n a b o k o v
ฮ ิ ว โ ก	h u g o
ก า อ ิ น ง ิ น	k a i n g i n
ส ั บ ส ิ เ ด น ท ์	s u b s i d e n c e
โ บ ล ิ ง โ บ ร ก	b o l i n g b r o k e
ไ ฟ โ ฟ	f i f o
แ ม ง ก า น ี ส	m a n g a n e s e
แ จ ง ค ่ า	j a n k a
โ บ ล ิ ่ น	b o l i n
โ จ	j o
โ ด บ ิ น ส ์	d o b y n s
ว ุ ล เ ฟ ิ ร ์ ส	w o l f e r s
ไ บ เ ซ ก ช ว ล	b i s e x u a l
โ ฟ อ ้ า	f o a
เ ว น เ ล ิ ่ น	w h a l e n
โ พ ว ิ ส	p o w y s
เ ค	k .
ซ ิ ม โ ค	s i m c o
แ บ ช	b a c h e
เ ด ว ่ อ น	d e v o n
โ ม ร า ร ์	m o r a r
เ ฟ ม โ ต	f e m t o
โ อ ว ี ย ์	h o v e y
โ ค แ อ ก ก ู แ ล น ต ์	c o a g u l a n t
ไ ว บ ร า โ ฟ น	v i b r a p h o n e
อ ุ ซ เ บ ก ี ส ถ า น	u z b e k i s t a n
ป า ก ี ส ถ า น	p a k i s t a n
ฟ ล ิ ป โ ป	f l i p p o
โ จ ส ฟ ี น ่ า	j o s e f i n a
แ บ ง ก ์ เ ฮ ด	b a n k h e a d
เ อ ซ ี ด ี ซ ี	a c / d c
โ จ แ ฮ น เ ซ ิ ่ น	j o h a n n s e n
แ ล ด โ บ ร ก ส ์	l a d b r o k e s
ย ู โ ก ส ล า ฟ	y u g o s l a v
ไ บ โ อ ส ป า ไ ร ต ์	b i o s p a r i t e
เ ก ว โ ล	q u e l l o
โ บ ล ส ์	b o l e s
แ ท ง เ ค ว อ เ ร ย ์	t a n q u e r a y
โ ม ก า ด ิ ส ช ู	m o g a d i s h u
ไ น โ ต ร แ บ ค เ ท อ ร ์	n i t r o b a c t e r
ด า ร ์ ต ม ั ว ร ์	d a r t m o o r
แ ว น บ ิ ก	v a n b e e k
โ ร ซ ั ส	r o z a s
โ บ ร เ ด ิ ้ น	b r o d e n
โ บ น า ป า ร ์ ต	b o n a p a r t e
ไ อ โ อ โ น ส เ ฟ ี ย ร ์	i o n o s p h e r e
แ ว น ฮ ู ๊ ก	v a n h o o k
โ ก ล ด ี ้	g o l d y
เ ป ต อ ง	p e t a n q u e
โ บ น ่ า	b o n a
แ ว น ด า	v a n d a
ไ ฮ แ ล น เ ด อ ร ์	h y l a n d e r
ค ู ร า เ ซ า	c u r a c a o
แ ท ง เ ก อ ร ์ ล ี ย ์	t a n k e r s l e y
ย ู โ ก ส ล า เ ว ี ย	y u g o s l a v i a
โ บ น ั ส	b o n u s
โ บ ท อ ก ซ ์	b o t o x
อ า ร ์ เ อ ็ ม	r m
โ ร ก ส ์	r o q u e s
จ า โ ก โ ป	j a c o p o
ส โ ป ร ต	s p r o a t
โ ก ร ว า น	g r o w a n
เ ด ก ซ ์ โ ท ร ส	d e x t r o s e
ม ุ ส โ ส ล ิ น ี	m u s s o l i n i
โ ม ห ์ เ ล อ ร ์	m o h l e r
ไ บ ล	b l i g h
แ ค พ ิ ล ล า ต ั ส	c a p i l l a t u s
ไ ค ล น ์ ,	c l i n e ,
เ ม ย ์ แ ท ็ ก	m a y t a g
โ ด ว ์ ,	d o w ,
ว อ ย โ ว ด ้ า	v o j v o d a
พ ิ โ ค ค ู ร ี	p i c o c u r i e
เ จ ไ ด ต ์	j a d e i t e
โ พ ส ต ์ เ ก ต	p o s t g a t e
โ น ว ี ่	n o v y
โ พ แ ท ส เ ซ ี ย ม	p o t a s s i u m
โ พ ค า ฮ อ น ท ั ส	p o c a h o n t a s
โ ม ส ล ี ย ์	m o s e l e y
อ ี แ ว น ส ์	e v a n s
โ ป ร ต อ น	p r o t o n
แ ฟ ฮ ี	f a h e y
โ ป น อ ง ต ์	p o n e n t e
ล ั ฟ โ ก ร ฟ	l o v e g r o v e
โ ป ร แ ก ร ม	p r o g r a m
อ า ร ์ ค ิ ว	r q
แ ว ส เ ก ส	v a s q u e z
โ พ ส ซ ี ่	p o s t s y
แ ม ม โ ม แ ก ร ม	m a m m o g r a m
โ ม ซ ั ม บ ิ ก	m o z a m b i q u e
ไ ซ ม อ น ส ์	s y m o n s
ไ ล แ ซ น เ ด อ ร ์	l y s a n d e r
โ ก ล ด ิ ง	g o l d i n g
ไ ซ โ ค ล น	c y c l o n e
แ ช ร ์ แ ป ร ั ล	c h a p a r r a l
