भ ा ँ ग ड़ ा	b h a n g r a
म े र ी ज ़	m a r y ' s
ज ् य ा र ् ज ि य ो	g i o r g i o
ड े प ॉ र ् म े	d é p a r g m e
च ो प ड़ ा	c h o p r a
च े क ो स ् ल ो व ा क ी य ा	c z e c h o s l o v a k i a
म ै क ए ण ् ड ् र य ू	m c a n d r e w
म े ग ् य ू र	m a g u i r e
क र ू ँ	k a r o o
ग र ् ल ् स	g i r l s '
ल ु ' ल ु	l u ' l u
ज ‍ ि ओ ल ॉ ज क ि ल	g e o l o g i c a l
इ ं ड स ् ट ् र ी ज ़	i n d
आ य ल ं ड	i s l a n d
द ् व ी प	i s l a n d
श ो त ् र ी	s a r w a t e
आ य ल ै ं ड	i s l a n d s
न ॉ स ् ट ् र े ड म स	n o s t r a d u m
ए ण ् ड ् र य ू स	a n d r e w s
म ौ ल ा न ा	m o h a m m a d
म ह ा र ा ष ् ट ् र	m a h
ए ण ् ड ् र य ू	a n d r e w
ज़ ो ं ग ो	x o n g o
6 6	6 6
आ य ल ै ं ड	i s l a n d
श ् र ी व ल ् ल भ	s h r e e v a b h
ड च	d e u t s c h e
घ ु ँ घ र ू	g h u n g r o o
झ ॅ क ‍ ि न ् थ ‍ ि य न ् स	z a k y n t h i a n s
आ इ ल ै ं ड	i s l a n d
प ा न ी	p y a r
औ य ु इ क ् ट	a u y u i t t u q
‍ र ु ग न ह ो ए क स े ड ि ज ् क	r u i g e n h o e k s e d i j k
ज़ ो र	j o r
स ो स ा य ट ी	s o c i é t é
म े झ ् ह ी ‍ ब ि ज ़	m e d z h y b i z h
ब ॉ य ज ़	b o y s '
ह ै ट ् स	h a t s '
‍ र ि ज न ॉ व े न	r h i j n a u w e n
क ै ल ी	k a e l i n
स र ो व र	l a k e s
स ब ु ं र व र य ा र	s a m b u r w a r y a a r
अ म े र ि क न	a r m e n i a n
श े फ ़ र ् ड	r u s h d i e
य ु ं ग य ो ं ग	r y u g y o n g
थ ा इ स े न क ृ प	t h y s s e n k r u p p
ज ़ ॉ ए न ् ड ् र े च	z w y n d r e c h t
न ् य ु ज़ प े प र ् स	n e w s p a p e r s ' s
ड ् र य ू	d r e w
स ् क ् व े अ र	s q u a r e
ह े र ो इ ट	h e r i o t
स ा य ब ि ल	s a l m a n
ड ‍ ि अ स ‍ ी स ी	d ' a s s i s i
अ ख़ ् त र	a k h t a r
ए क ् ट ी स ल ् : क ॅ ब े ट	a k t i e s e l s k a b e t
क म ् य ू न ि क े श ं स	c o m m u n i c a t i o n
ट े ल ी क ॉ म	t é l é c o m
